C51 COMPILER V9.00   GB1616                                                                10/25/2014 16:15:50 PAGE 1   


C51 COMPILER V9.00, COMPILATION OF MODULE GB1616
OBJECT MODULE PLACED IN .\OUTPUT\gb1616.obj
COMPILER INVOKED BY: D:\Program Files(x86)\keilC51\C51\BIN\C51.EXE SRC\gb1616.c LARGE BROWSE DEBUG OBJECTEXTEND PRINT(.\
                    -gb1616.lst) OBJECT(.\OUTPUT\gb1616.obj)

line level    source

   1          #include "gb1616.h"
   2          #include "lcd.h"
   3          
   4          /////////////////////////////////////////////////////////////////////////
   5          // 汉字字模表((超过64个汉字，请修改PutGB1616函数))                                                        
             -  //
   6          // 汉字库: 宋体16.dot,横向取模左高位,数据排列:从左到右从上到下         //
   7          /////////////////////////////////////////////////////////////////////////
   8          code struct typFNT_GB16 codeGB_16[] =          // 数据表 
   9          {
  10          "慕",0x04,0x40,0x7F,0xFC,0x04,0x40,0x1F,0xF0,0x10,0x10,0x1F,0xF0,0x10,0x10,0x1F,0xF0,
  11          0x04,0x00,0xFF,0xFE,0x12,0x10,0x22,0x08,0xCB,0x26,0x12,0x90,0x2A,0x90,0x04,0x00,/*"慕",0*/
  12          "司",0x00,0x00,0x3F,0xF8,0x00,0x08,0x00,0x08,0x7F,0xE8,0x00,0x08,0x00,0x08,0x1F,0x88,
  13          0x10,0x88,0x10,0x88,0x10,0x88,0x10,0x88,0x1F,0x88,0x10,0x88,0x00,0x28,0x00,0x10,/*"司",1*/
  14          "为",0x01,0x00,0x21,0x00,0x11,0x00,0x11,0x00,0x01,0x00,0x7F,0xF8,0x02,0x08,0x02,0x08,
  15          0x02,0x88,0x04,0x48,0x04,0x48,0x08,0x08,0x10,0x08,0x20,0x08,0x40,0x50,0x80,0x20,/*"为",2*/
  16          "一",0x00,0x00,0x00,0x00,0x00,0x00,0x00,0x00,0x00,0x00,0x00,0x00,0x00,0x00,0xFF,0xFE,
  17          0x00,0x00,0x00,0x00,0x00,0x00,0x00,0x00,0x00,0x00,0x00,0x00,0x00,0x00,0x00,0x00,/*"一",3*/
  18          "线",0x10,0x50,0x10,0x48,0x20,0x40,0x24,0x5C,0x45,0xE0,0xF8,0x40,0x10,0x5E,0x23,0xE0,
  19          0x40,0x44,0xFC,0x48,0x40,0x30,0x00,0x22,0x1C,0x52,0xE0,0x8A,0x43,0x06,0x00,0x02,/*"线",4*/
  20          "微",0x11,0x08,0x15,0x48,0x25,0x48,0x45,0x50,0x97,0xDE,0x10,0x24,0x20,0x14,0x6F,0xD4,
  21          0xA0,0x14,0x27,0x94,0x24,0x94,0x24,0xA8,0x24,0xC8,0x24,0x94,0x28,0x14,0x30,0x22,/*"微",5*/
  22          "茫",0x08,0x20,0x08,0x20,0xFF,0xFE,0x08,0x20,0x08,0x20,0x20,0x40,0x10,0x20,0x87,0xFE,
  23          0x49,0x00,0x09,0x00,0x11,0x00,0xE1,0x00,0x21,0x00,0x21,0x00,0x21,0xFC,0x00,0x00,/*"茫",6*/
  24          "憧",0x10,0x20,0x11,0xFC,0x10,0x88,0x10,0x50,0x1B,0xFE,0x54,0x00,0x51,0xFC,0x51,0x24,
  25          0x91,0xFC,0x11,0x24,0x11,0xFC,0x10,0x20,0x11,0xFC,0x10,0x20,0x13,0xFE,0x10,0x00,/*"憧",7*/
  26          "憬",0x10,0x00,0x13,0xF8,0x12,0x08,0x1B,0xF8,0x56,0x08,0x53,0xF8,0x50,0x40,0x97,0xFE,
  27          0x10,0x00,0x13,0xF8,0x12,0x08,0x13,0xF8,0x10,0x40,0x12,0x48,0x14,0x44,0x10,0xC0,/*"憬",8*/
  28          "意",0x01,0x00,0x3F,0xF8,0x08,0x20,0x04,0x40,0xFF,0xFE,0x00,0x00,0x1F,0xF0,0x10,0x10,
  29          0x1F,0xF0,0x10,0x10,0x1F,0xF0,0x02,0x00,0x51,0x04,0x51,0x12,0x90,0x12,0x0F,0xF0,/*"意",10*/
  30          "孤",0x00,0x08,0xF8,0x3C,0x0B,0xD0,0x12,0x90,0x22,0x90,0x22,0x90,0x2A,0x90,0x32,0x90,
  31          0x22,0x90,0xE2,0x88,0x22,0x88,0x22,0xC8,0x22,0xA4,0x24,0xD4,0xA4,0x92,0x48,0x00,/*"孤",11*/
  32          "行",0x08,0x00,0x09,0xFC,0x10,0x00,0x20,0x00,0x48,0x00,0x08,0x00,0x13,0xFE,0x30,0x20,
  33          0x50,0x20,0x90,0x20,0x10,0x20,0x10,0x20,0x10,0x20,0x10,0x20,0x10,0xA0,0x10,0x40,/*"行",12*/
  34          "这",0x00,0x80,0x20,0x40,0x10,0x40,0x17,0xFC,0x00,0x10,0x02,0x10,0xF1,0x20,0x10,0xA0,
  35          0x10,0x40,0x10,0xA0,0x11,0x10,0x12,0x08,0x14,0x08,0x28,0x00,0x47,0xFE,0x00,0x00,/*"这",13*/
  36          "众",0x01,0x00,0x01,0x00,0x02,0x80,0x04,0x40,0x08,0x20,0x10,0x10,0x28,0x28,0xC8,0x26,
  37          0x08,0x20,0x08,0x20,0x08,0x20,0x14,0x50,0x12,0x50,0x22,0x88,0x41,0x04,0x82,0x02,/*"众",14*/
  38          "生",0x01,0x00,0x11,0x00,0x11,0x00,0x11,0x00,0x3F,0xFC,0x21,0x00,0x41,0x00,0x81,0x00,
  39          0x01,0x00,0x3F,0xF8,0x01,0x00,0x01,0x00,0x01,0x00,0x01,0x00,0xFF,0xFE,0x00,0x00,/*"生",15*/
  40          "芸",0x08,0x20,0x08,0x20,0xFF,0xFE,0x08,0x20,0x08,0x20,0x00,0x00,0x3F,0xF8,0x00,0x00,
  41          0x00,0x00,0xFF,0xFE,0x02,0x00,0x04,0x00,0x08,0x20,0x10,0x10,0x3F,0xF8,0x10,0x08,/*"芸",16*/
  42          "谁",0x01,0x40,0x41,0x20,0x21,0x20,0x23,0xFE,0x02,0x20,0x06,0x20,0xEB,0xFC,0x22,0x20,
  43          0x22,0x20,0x23,0xFC,0x22,0x20,0x22,0x20,0x2A,0x20,0x33,0xFE,0x22,0x00,0x02,0x00,/*"谁",18*/
  44          "不",0x00,0x00,0x7F,0xFC,0x00,0x80,0x00,0x80,0x01,0x00,0x01,0x00,0x03,0x40,0x05,0x20,
  45          0x09,0x10,0x11,0x08,0x21,0x04,0x41,0x04,0x81,0x00,0x01,0x00,0x01,0x00,0x01,0x00,/*"不",19*/
  46          "曾",0x08,0x20,0x04,0x40,0x3F,0xF8,0x21,0x08,0x29,0x28,0x25,0x48,0x3F,0xF8,0x00,0x00,
  47          0x1F,0xF0,0x10,0x10,0x10,0x10,0x1F,0xF0,0x10,0x10,0x10,0x10,0x1F,0xF0,0x10,0x10,/*"曾",20*/
  48          "如",0x10,0x00,0x10,0x00,0x10,0x00,0x10,0x7C,0xFE,0x44,0x22,0x44,0x22,0x44,0x22,0x44,
  49          0x42,0x44,0x24,0x44,0x14,0x44,0x08,0x44,0x14,0x44,0x22,0x7C,0x42,0x44,0x80,0x00,/*"如",21*/
  50          "此",0x04,0x40,0x04,0x40,0x04,0x40,0x24,0x44,0x24,0x48,0x27,0x50,0x24,0x60,0x24,0x40,
  51          0x24,0x40,0x24,0x40,0x24,0x40,0x24,0x42,0x2F,0x42,0xF0,0x42,0x40,0x3E,0x00,0x00,/*"此",22*/
  52          "任",0x08,0x10,0x08,0x78,0x0B,0xC0,0x10,0x40,0x10,0x40,0x30,0x40,0x30,0x40,0x5F,0xFE,
  53          0x90,0x40,0x10,0x40,0x10,0x40,0x10,0x40,0x10,0x40,0x10,0x40,0x17,0xFC,0x10,0x00,/*"任",23*/
C51 COMPILER V9.00   GB1616                                                                10/25/2014 16:15:50 PAGE 2   

  54          "性",0x10,0x20,0x10,0x20,0x11,0x20,0x11,0x20,0x19,0xFC,0x55,0x20,0x52,0x20,0x50,0x20,
  55          0x90,0x20,0x11,0xFC,0x10,0x20,0x10,0x20,0x10,0x20,0x10,0x20,0x13,0xFE,0x10,0x00,/*"性",24*/
  56          
  57          "锂",0x10,0x00,0x11,0xFC,0x3D,0x24,0x21,0x24,0x41,0xFC,0xBD,0x24,0x11,0x24,0x11,0xFC,
  58          0xFC,0x20,0x10,0x20,0x11,0xFC,0x10,0x20,0x14,0x20,0x18,0x20,0x13,0xFE,0x00,0x00,/*"锂",0*/
  59          "电",0x01,0x00,0x01,0x00,0x01,0x00,0x3F,0xF8,0x21,0x08,0x21,0x08,0x21,0x08,0x3F,0xF8,
  60          0x21,0x08,0x21,0x08,0x21,0x08,0x3F,0xF8,0x21,0x0A,0x01,0x02,0x01,0x02,0x00,0xFE,/*"电",1*/
  61          "池",0x00,0x40,0x20,0x40,0x12,0x40,0x12,0x58,0x82,0x68,0x42,0xC8,0x53,0x48,0x1E,0x48,
  62          0x12,0x48,0x22,0x48,0xE2,0x58,0x22,0x42,0x22,0x02,0x22,0x02,0x21,0xFE,0x00,0x00,/*"池",2*/
  63          "压",0x00,0x00,0x3F,0xFE,0x20,0x00,0x20,0x80,0x20,0x80,0x20,0x80,0x20,0x80,0x2F,0xFC,
  64          0x20,0x80,0x20,0x80,0x20,0x90,0x20,0x88,0x20,0x88,0x40,0x80,0x5F,0xFE,0x80,0x00,/*"压",3*/
  65          
  66          //中文冒号、逗号和叹号
  67          "：",0x00,0x00,0x00,0x00,0x00,0x00,0x00,0x00,0x00,0x00,0x00,0x00,0x00,0x00,0x00,0x00,
  68          0x00,0x00,0x30,0x00,0x30,0x00,0x00,0x00,0x30,0x00,0x30,0x00,0x00,0x00,0x00,0x00,/*"：",0*/
  69          "，",0x00,0x00,0x00,0x00,0x00,0x00,0x00,0x00,0x00,0x00,0x00,0x00,0x00,0x00,0x00,0x00,
  70          0x00,0x00,0x00,0x00,0x00,0x00,0x30,0x00,0x30,0x00,0x10,0x00,0x20,0x00,0x00,0x00,/*"，",4*/
  71          "！",0x00,0x00,0x10,0x00,0x10,0x00,0x10,0x00,0x10,0x00,0x10,0x00,0x10,0x00,0x10,0x00,
  72          0x10,0x00,0x10,0x00,0x00,0x00,0x00,0x00,0x10,0x00,0x10,0x00,0x00,0x00,0x00,0x00,/*"！",5*/
  73          
  74          };
  75          


MODULE INFORMATION:   STATIC OVERLAYABLE
   CODE SIZE        =   ----    ----
   CONSTANT SIZE    =   1050    ----
   XDATA SIZE       =   ----    ----
   PDATA SIZE       =   ----    ----
   DATA SIZE        =   ----    ----
   IDATA SIZE       =   ----    ----
   BIT SIZE         =   ----    ----
END OF MODULE INFORMATION.


C51 COMPILATION COMPLETE.  0 WARNING(S),  0 ERROR(S)
