C51 COMPILER V9.00   GB3232                                                                10/25/2014 16:15:50 PAGE 1   


C51 COMPILER V9.00, COMPILATION OF MODULE GB3232
OBJECT MODULE PLACED IN .\OUTPUT\gb3232.obj
COMPILER INVOKED BY: D:\Program Files(x86)\keilC51\C51\BIN\C51.EXE SRC\gb3232.c LARGE BROWSE DEBUG OBJECTEXTEND PRINT(.\
                    -gb3232.lst) OBJECT(.\OUTPUT\gb3232.obj)

line level    source

   1          #include "gb3232.h"
   2          #include "lcd.h"
   3          
   4          /////////////////////////////////////////////////////////////////////////
   5          // 汉字字模表(超过16个汉字，请修改PutGB3232函数)                                                          
             -//
   6          // 汉字库: 楷体32.dot,横向取模左高位,数据排列:从左到右从上到下         //
   7          /////////////////////////////////////////////////////////////////////////
   8          code struct  typFNT_GB32 codeGB_32[] =          // 数据表 
   9          {
  10          "青",0x00,0x00,0x00,0x00,0x00,0x00,0x00,0x00,0x00,0x00,0x00,0x00,0x00,0x03,0x80,0x00,
  11          0x00,0x01,0x80,0x00,0x00,0x01,0x98,0x00,0x00,0x03,0xFC,0x00,0x00,0x7F,0x00,0x00,
  12          0x00,0x01,0x00,0x00,0x00,0x01,0xF8,0x00,0x00,0x3F,0x80,0x00,0x00,0x01,0x00,0x00,
  13          0x00,0x01,0x0F,0xF8,0x00,0x0F,0xFE,0x18,0x07,0xFC,0x00,0x00,0x1F,0x00,0x30,0x00,
  14          0x00,0x03,0xFC,0x00,0x00,0x1C,0x1C,0x00,0x00,0x10,0x18,0x00,0x00,0x11,0xC8,0x00,
  15          0x00,0x1E,0x08,0x00,0x00,0x10,0x0C,0x00,0x00,0x11,0xCC,0x00,0x00,0x1F,0x0C,0x00,
  16          0x00,0x30,0x0C,0x00,0x00,0x30,0x0C,0x00,0x00,0x30,0x0C,0x00,0x00,0x60,0x7C,0x00,
  17          0x00,0x60,0x38,0x00,0x00,0x00,0x18,0x00,0x00,0x00,0x00,0x00,0x00,0x00,0x00,0x00,/*"青",0*/
  18          
  19          "春",0x00,0x00,0x00,0x00,0x00,0x00,0x00,0x00,0x00,0x02,0x00,0x00,0x00,0x03,0x00,0x00,
  20          0x00,0x03,0x00,0x00,0x00,0x03,0x7E,0x00,0x00,0x07,0xF0,0x00,0x00,0x1E,0x00,0x00,
  21          0x00,0x02,0x00,0x00,0x00,0x06,0xF8,0x00,0x00,0x7F,0xC0,0x00,0x00,0x36,0x00,0x00,
  22          0x00,0x04,0x0E,0x00,0x00,0x0D,0xFF,0x00,0x01,0xFF,0xC0,0x00,0x01,0xC8,0x20,0x00,
  23          0x00,0x18,0x10,0x00,0x00,0x30,0x0C,0x00,0x00,0x30,0x76,0x00,0x00,0x7F,0xFB,0x80,
  24          0x00,0xD8,0x19,0xC0,0x01,0x98,0x18,0xF8,0x03,0x19,0x98,0x7E,0x0C,0x1F,0x98,0x00,
  25          0x18,0x18,0x18,0x00,0x00,0x18,0x18,0x00,0x00,0x18,0xD8,0x00,0x00,0x1F,0xF8,0x00,
  26          0x00,0x18,0x38,0x00,0x00,0x00,0x10,0x00,0x00,0x00,0x10,0x00,0x00,0x00,0x00,0x00,/*"春",1*/
  27                  
  28          };
  29                          


MODULE INFORMATION:   STATIC OVERLAYABLE
   CODE SIZE        =   ----    ----
   CONSTANT SIZE    =    262    ----
   XDATA SIZE       =   ----    ----
   PDATA SIZE       =   ----    ----
   DATA SIZE        =   ----    ----
   IDATA SIZE       =   ----    ----
   BIT SIZE         =   ----    ----
END OF MODULE INFORMATION.


C51 COMPILATION COMPLETE.  0 WARNING(S),  0 ERROR(S)
