C51 COMPILER V9.00   INT                                                                   10/25/2014 16:15:51 PAGE 1   


C51 COMPILER V9.00, COMPILATION OF MODULE INT
OBJECT MODULE PLACED IN .\OUTPUT\int.obj
COMPILER INVOKED BY: D:\Program Files(x86)\keilC51\C51\BIN\C51.EXE SRC\int.c LARGE BROWSE DEBUG OBJECTEXTEND PRINT(.\int
                    -.lst) OBJECT(.\OUTPUT\int.obj)

line level    source

   1          #include "int.h"
   2          
   3          void INT_Init()
   4          {
   5   1      //      INT_CLKO |= 0x10;               //(EX2 = 1)使能INT2中断 （下降沿）
   6   1      //      EA = 1;
   7   1      
   8   1              //INT0
   9   1          A_Phase = 1;
  10   1          IT0 = 1;                    //设置INT0的中断类型 (1:仅下降沿 0:上升沿和下降沿)
  11   1          EX0 = 1;                    //使能INT0中断
  12   1          EA = 1;
  13   1          
  14   1      }


MODULE INFORMATION:   STATIC OVERLAYABLE
   CODE SIZE        =      9    ----
   CONSTANT SIZE    =   ----    ----
   XDATA SIZE       =   ----    ----
   PDATA SIZE       =   ----    ----
   DATA SIZE        =   ----    ----
   IDATA SIZE       =   ----    ----
   BIT SIZE         =   ----    ----
END OF MODULE INFORMATION.


C51 COMPILATION COMPLETE.  0 WARNING(S),  0 ERROR(S)
