C51 COMPILER V9.00   LKB                                                                   10/25/2014 16:15:49 PAGE 1   


C51 COMPILER V9.00, COMPILATION OF MODULE LKB
OBJECT MODULE PLACED IN .\OUTPUT\lkb.obj
COMPILER INVOKED BY: D:\Program Files(x86)\keilC51\C51\BIN\C51.EXE SRC\lkb.c LARGE BROWSE DEBUG OBJECTEXTEND PRINT(.\lkb
                    -.lst) OBJECT(.\OUTPUT\lkb.obj)

line level    source

   1          #include "lkb.h"
   2          #include "delay.h"
   3          #include <stdio.h>
   4          
   5          bit key_up=1;   //按键松开标志位，使连按或不连按
   6          unsigned int Key_Num=0;
   7          
   8          void sendMsg(KEYMSG* keymsg, key, msg)
   9          {
  10   1              keymsg->key = key;
  11   1              keymsg->msg = msg;
  12   1              printf("%d,%d\n", keymsg->key, keymsg->msg);
  13   1      }
  14          
  15          /****************************************
  16          设置蜂鸣器端口为推挽输出
  17          ****************************************/
  18          void LKB_Init()
  19          {
  20   1              LED1 = 1;               //关闭LED
  21   1              BEEP = 0;               //关闭蜂鸣器(蜂鸣器驱动有下拉电阻,可防止上电鸣响)
  22   1              //单片机复位后，管脚输出为高电平，所以按键也可以不用置1？
  23   1      //      KEY1 = 1;
  24   1      //      KEY2 = 1;
  25   1      //      KEY3 = 1;
  26   1      //      KEY4 = 1;
  27   1      //      KEY5 = 1;
  28   1      //      KEY6 = 1;
  29   1      //      KEY7 = 1;
  30   1      //      KEY8 = 1;
  31   1      //      KEY9 = 1;
  32   1      //      KEY10= 1;
  33   1      
  34   1              P2M1 &= 0xdf;   //P25清0：1101 1111             
  35   1              P2M0 |= 0x20;   //P25置1：0010 0000
  36   1      }
  37          
  38          /****************************************
  39          *无源蜂鸣器频率、时间控制函数
  40          *Freq：蜂鸣器频率
  41          *time: 蜂鸣器响的时间：ms
  42          ****************************************/
  43          void Buzzer_Func(unsigned int Freq,unsigned int time)
  44          {
  45   1              unsigned int i;
  46   1              for(i=0;i<time*Freq/500;i++)
  47   1              {
  48   2                      BEEP=~BEEP;
  49   2                      Delay_us(500000L/Freq); //最低500000L/65536=7.6Hz约8Hz 最高500 000Hz
  50   2              }
  51   1              BEEP=0;                         //关闭蜂鸣器
  52   1      }
  53          
  54          /*****************************************
C51 COMPILER V9.00   LKB                                                                   10/25/2014 16:15:49 PAGE 2   

  55          *按键扫描函数V2
  56          *xiaodou:
  57          *一般10ms消抖，如果定时器1ms中断一次，
  58          *这个参数设为10即可
  59          *mode:
  60          *0 不支持连按
  61          *1 支持连按
  62          *****************************************/
  63          void Key_Scan(unsigned int xiaodou,unsigned char mode)
  64          {
  65   1              static unsigned char i;
  66   1          if(mode)    /*key_up=1*/;  //支持连按
  67   1              if(/*key_up &&*/ (KEY1==0 || KEY2==0 || KEY3==0 || KEY4==0 || KEY5==0
  68   1                                      ||KEY6==0 || KEY7==0 || KEY8==0 || KEY9==0 || KEY10==0) )       //有按键按下
  69   1              {
  70   2                      i++;                    //去抖动
  71   2                      if(i>=(xiaodou+1))              //随定时器中断而改变
  72   2                      {
  73   3                              i=0; 
  74   3                              key_up=0;
  75   3                              if(KEY1==0)              Key_Num = 1;
  76   3                              else if(KEY2==0) Key_Num = 2;
  77   3                              else if(KEY3==0) Key_Num = 3;
  78   3                              else if(KEY4==0) Key_Num = 4;
  79   3                              else if(KEY5==0) Key_Num = 5;
  80   3                              else if(KEY6==0) Key_Num = 6;
  81   3                              else if(KEY7==0) Key_Num = 7;
  82   3                              else if(KEY8==0) Key_Num = 8;
  83   3                              else if(KEY9==0) Key_Num = 9;
  84   3                              else if(KEY10==0) Key_Num = 10;
  85   3                              else Key_Num=0;
  86   3                      }
  87   2              }
  88   1              else if( (KEY1==1) && (KEY2==1) && (KEY3==1) && (KEY4==1) && (KEY5==1)
  89   1                         &&(KEY6==1) && (KEY7==1) && (KEY8==1) && (KEY9==1) && (KEY10==1))    // 无按键按下
  90   1              {
  91   2                      key_up=1; 
  92   2                      Key_Num=0;           
  93   2              }
  94   1              else Key_Num=0;
  95   1      }


MODULE INFORMATION:   STATIC OVERLAYABLE
   CODE SIZE        =    448    ----
   CONSTANT SIZE    =      7    ----
   XDATA SIZE       =      3      14
   PDATA SIZE       =   ----    ----
   DATA SIZE        =   ----    ----
   IDATA SIZE       =   ----    ----
   BIT SIZE         =      1    ----
END OF MODULE INFORMATION.


C51 COMPILATION COMPLETE.  0 WARNING(S),  0 ERROR(S)
