C51 COMPILER V9.00   DELAY                                                                 10/22/2014 20:51:26 PAGE 1   


C51 COMPILER V9.00, COMPILATION OF MODULE DELAY
OBJECT MODULE PLACED IN .\OUTPUT\delay.obj
COMPILER INVOKED BY: D:\Program Files(x86)\keilC51\C51\BIN\C51.EXE SRC\delay.c LARGE BROWSE DEBUG OBJECTEXTEND PRINT(.\d
                    -elay.lst) OBJECT(.\OUTPUT\delay.obj)

line level    source

   1          #include "delay.h"
   2          #include <intrins.h>
   3          
   4          void Delay_us_1()
   5          {
   6   1      #if FOSC==11059200      
                      _nop_();_nop_();_nop_();
                      
              #elif FOSC==12000000
                      _nop_();_nop_();_nop_();_nop_();
                      
              #elif FOSC==22118400
                      unsigned char i;
                      i = 3;
                      while (--i);
                      
              #elif FOSC==24000000
                      unsigned char j;
                      _nop_();
                      _nop_();
                      j = 3;
                      while (--j);
                      
              #else
  25   1              unsigned char k;
  26   1              _nop_();
  27   1              _nop_();
  28   1              k = 3;
  29   1              while (--k);
  30   1              
  31   1      #endif
  32   1      }
  33          
  34          void Delay_us(unsigned int i)
  35          {
  36   1              while(i--)
  37   1              {
  38   2                      Delay_us_1();
  39   2              }
  40   1      }
  41          
  42          //========================================================================
  43          // 函数: void  delay_ms(unsigned int ms)
  44          // 描述: 延时函数。
  45          // 参数: ms,要延时的ms数, 自动适应主时钟.
  46          // 返回: none.
  47          // 版本: VER1.0
  48          // 日期: 2013-4-1
  49          // 备注: 
  50          //========================================================================
  51          void  Delay_ms(unsigned int ms)
  52          {
  53   1           unsigned int i;
  54   1               do{
C51 COMPILER V9.00   DELAY                                                                 10/22/2014 20:51:26 PAGE 2   

  55   2                    //i = FOSC / 13000;
  56   2                        i = FOSC / 10000;
  57   2                        while(--i);    //14T per loop
  58   2           }while(--ms);
  59   1      }


MODULE INFORMATION:   STATIC OVERLAYABLE
   CODE SIZE        =     50    ----
   CONSTANT SIZE    =   ----    ----
   XDATA SIZE       =   ----    ----
   PDATA SIZE       =   ----    ----
   DATA SIZE        =   ----    ----
   IDATA SIZE       =   ----    ----
   BIT SIZE         =   ----    ----
END OF MODULE INFORMATION.


C51 COMPILATION COMPLETE.  0 WARNING(S),  0 ERROR(S)
