C51 COMPILER V9.00   IMAGE0                                                                10/22/2014 20:51:26 PAGE 1   


C51 COMPILER V9.00, COMPILATION OF MODULE IMAGE0
OBJECT MODULE PLACED IN .\OUTPUT\image0.obj
COMPILER INVOKED BY: D:\Program Files(x86)\keilC51\C51\BIN\C51.EXE SRC\image0.c LARGE BROWSE DEBUG OBJECTEXTEND PRINT(.\
                    -image0.lst) OBJECT(.\OUTPUT\image0.obj)

line level    source

   1          #include "image0.h"
   2          
   3          unsigned char code gImage_musi[12480] = { /* 0X00,0X10,0X4E,0X00,0X50,0X00,0X01,0X1B, */
   4          0X01,0X00,0X01,0X00,0X01,0X00,0X01,0X00,0X01,0X00,0X01,0X00,0X01,0X00,0X01,0X00,
   5          0X01,0X00,0X01,0X00,0X01,0X00,0X01,0X00,0X01,0X00,0X01,0X00,0X01,0X00,0X01,0X00,
   6          0X01,0X00,0X01,0X00,0X01,0X00,0X01,0X00,0X01,0X00,0X01,0X00,0X01,0X00,0X01,0X00,
   7          0X01,0X00,0X01,0X00,0X01,0X00,0X01,0X00,0X01,0X00,0X01,0X00,0X01,0X00,0X01,0X00,
   8          0X01,0X00,0X01,0X00,0X01,0X00,0X01,0X00,0X01,0X00,0X01,0X00,0X01,0X00,0X01,0X00,
   9          0X01,0X00,0X01,0X00,0X01,0X00,0X01,0X00,0X01,0X00,0X01,0X00,0X01,0X00,0X01,0X00,
  10          0X01,0X00,0X01,0X00,0X01,0X00,0X01,0X00,0X01,0X00,0X01,0X00,0X01,0X00,0X01,0X00,
  11          0X01,0X00,0X01,0X00,0X01,0X00,0X01,0X00,0X01,0X00,0X01,0X00,0X01,0X00,0X01,0X00,
  12          0X01,0X00,0X01,0X00,0X01,0X00,0X01,0X00,0X01,0X00,0X01,0X00,0X01,0X00,0X01,0X00,
  13          0X01,0X00,0X01,0X00,0X01,0X00,0X01,0X00,0X01,0X00,0X01,0X00,0X01,0X00,0X01,0X00,
  14          0X01,0X00,0X01,0X00,0X01,0X00,0X01,0X00,0X01,0X00,0X01,0X00,0X01,0X00,0X01,0X00,
  15          0X01,0X00,0X01,0X00,0X01,0X00,0X01,0X00,0X01,0X00,0X01,0X00,0X01,0X00,0X01,0X00,
  16          0X01,0X00,0X01,0X00,0X01,0X00,0X01,0X00,0X01,0X00,0X01,0X00,0X01,0X00,0X01,0X00,
  17          0X01,0X00,0X01,0X00,0X01,0X00,0X01,0X00,0X01,0X00,0X01,0X00,0X01,0X00,0X01,0X00,
  18          0X01,0X00,0X01,0X00,0X01,0X00,0X01,0X00,0X01,0X00,0X01,0X00,0X01,0X00,0X01,0X00,
  19          0X01,0X00,0X01,0X00,0X01,0X00,0X01,0X00,0X01,0X00,0X01,0X00,0X01,0X00,0X01,0X00,
  20          0X01,0X00,0X01,0X00,0X01,0X00,0X01,0X00,0X01,0X00,0X01,0X00,0X01,0X00,0X01,0X00,
  21          0X01,0X00,0X01,0X00,0X01,0X00,0X01,0X00,0X01,0X00,0X01,0X00,0X01,0X00,0X01,0X00,
  22          0X01,0X00,0X01,0X00,0X01,0X00,0X01,0X00,0X01,0X00,0X01,0X00,0X01,0X00,0X01,0X00,
  23          0X01,0X00,0X01,0X00,0X01,0X00,0X01,0X00,0X01,0X00,0X01,0X00,0X01,0X00,0X01,0X00,
  24          0X01,0X00,0X01,0X00,0X01,0X00,0X01,0X00,0X01,0X00,0X01,0X00,0X01,0X00,0X01,0X00,
  25          0X01,0X00,0X01,0X00,0X01,0X00,0X01,0X00,0X01,0X00,0X01,0X00,0X01,0X00,0X01,0X00,
  26          0X01,0X00,0X01,0X00,0X01,0X00,0X01,0X00,0X01,0X00,0X01,0X00,0X01,0X00,0X01,0X00,
  27          0X01,0X00,0X01,0X00,0X01,0X00,0X01,0X00,0X01,0X00,0X01,0X00,0X01,0X00,0X01,0X00,
  28          0X01,0X00,0X01,0X00,0X01,0X00,0X01,0X00,0X01,0X00,0X01,0X00,0X01,0X00,0X01,0X00,
  29          0X01,0X00,0X01,0X00,0X01,0X00,0X01,0X00,0X01,0X00,0X01,0X00,0X01,0X00,0X01,0X00,
  30          0X01,0X00,0X01,0X00,0X01,0X00,0X01,0X00,0X01,0X00,0X01,0X00,0X01,0X00,0X01,0X00,
  31          0X01,0X00,0X01,0X00,0X01,0X00,0X01,0X00,0X01,0X00,0X01,0X00,0X01,0X00,0X01,0X00,
  32          0X01,0X00,0X01,0X00,0X01,0X00,0X01,0X00,0X01,0X00,0X01,0X00,0X01,0X00,0X01,0X00,
  33          0X01,0X00,0X01,0X00,0X01,0X00,0X01,0X00,0X01,0X00,0X01,0X00,0X01,0X00,0X01,0X00,
  34          0X01,0X00,0X01,0X00,0X01,0X00,0X01,0X00,0X01,0X00,0X01,0X00,0X01,0X00,0X01,0X00,
  35          0X01,0X00,0X01,0X00,0X01,0X00,0X01,0X00,0X01,0X00,0X01,0X00,0X01,0X00,0X01,0X00,
  36          0X01,0X00,0X01,0X00,0X01,0X00,0X01,0X00,0X01,0X00,0X01,0X00,0X01,0X00,0X01,0X00,
  37          0X01,0X00,0X01,0X00,0X01,0X00,0X01,0X00,0X01,0X00,0X01,0X00,0X01,0X00,0X01,0X00,
  38          0X01,0X00,0X01,0X00,0X01,0X00,0X01,0X00,0X01,0X00,0X01,0X00,0X01,0X00,0X01,0X00,
  39          0X01,0X00,0X01,0X00,0X01,0X00,0X01,0X00,0X01,0X00,0X01,0X00,0X01,0X00,0X01,0X00,
  40          0X01,0X00,0X01,0X00,0X01,0X00,0X01,0X00,0X01,0X00,0X01,0X00,0X01,0X00,0X01,0X00,
  41          0X01,0X00,0X01,0X00,0X01,0X00,0X01,0X00,0X01,0X00,0X01,0X00,0X01,0X00,0X01,0X00,
  42          0X01,0X00,0X01,0X00,0X01,0X00,0X01,0X00,0X01,0X00,0X01,0X00,0X01,0X00,0X01,0X00,
  43          0X01,0X00,0X01,0X00,0X01,0X00,0X01,0X00,0X01,0X00,0X01,0X00,0X01,0X00,0X01,0X00,
  44          0X01,0X00,0X01,0X00,0X01,0X00,0X01,0X00,0X01,0X00,0X01,0X00,0X01,0X00,0X01,0X00,
  45          0X01,0X00,0X01,0X00,0X01,0X00,0X01,0X00,0X01,0X00,0X01,0X00,0X01,0X00,0X01,0X00,
  46          0X01,0X00,0X01,0X00,0X01,0X00,0X01,0X00,0X01,0X00,0X01,0X00,0X01,0X00,0X01,0X00,
  47          0X01,0X00,0X01,0X00,0X01,0X00,0X01,0X00,0X01,0X00,0X00,0X00,0X00,0X00,0X01,0X00,
  48          0X01,0X00,0X01,0X00,0X01,0X00,0X01,0X00,0X01,0X00,0X01,0X00,0X01,0X00,0X01,0X00,
  49          0X01,0X00,0X01,0X00,0X01,0X00,0X00,0X00,0X01,0X00,0X01,0X00,0X01,0X00,0X01,0X00,
  50          0X01,0X00,0X01,0X00,0X01,0X00,0X01,0X00,0X01,0X00,0X01,0X00,0X01,0X00,0X01,0X00,
  51          0X01,0X00,0X01,0X00,0X01,0X00,0X01,0X00,0X01,0X00,0X01,0X00,0X01,0X00,0X01,0X00,
  52          0X01,0X00,0X01,0X00,0X01,0X00,0X01,0X00,0X01,0X00,0X01,0X00,0X01,0X00,0X01,0X00,
  53          0X01,0X00,0X01,0X00,0X01,0X00,0X01,0X00,0X01,0X00,0X01,0X00,0X01,0X00,0X01,0X00,
  54          0X01,0X00,0X01,0X00,0X01,0X00,0X01,0X00,0X01,0X00,0X01,0X00,0X01,0X00,0X01,0X00,
C51 COMPILER V9.00   IMAGE0                                                                10/22/2014 20:51:26 PAGE 2   

  55          0X01,0X00,0X01,0X00,0X01,0X00,0X01,0X00,0X01,0X00,0X01,0X00,0X01,0X00,0X01,0X00,
  56          0X01,0X00,0X01,0X00,0X01,0X00,0X01,0X00,0X01,0X00,0X01,0X00,0X01,0X00,0X01,0X00,
  57          0X01,0X00,0X01,0X00,0X01,0X00,0X01,0X00,0X21,0X00,0X61,0X00,0X81,0X00,0X81,0X00,
  58          0X61,0X00,0X41,0X00,0X21,0X00,0X21,0X00,0X21,0X00,0X21,0X00,0X01,0X00,0X01,0X00,
  59          0X01,0X00,0X01,0X00,0X01,0X00,0X01,0X00,0X01,0X00,0X01,0X00,0X01,0X00,0X01,0X00,
  60          0X01,0X00,0X01,0X00,0X01,0X00,0X01,0X00,0X01,0X00,0X01,0X00,0X01,0X00,0X01,0X00,
  61          0X01,0X00,0X01,0X00,0X01,0X00,0X01,0X00,0X01,0X00,0X01,0X00,0X01,0X00,0X01,0X00,
  62          0X01,0X00,0X01,0X00,0X01,0X00,0X01,0X00,0X01,0X00,0X01,0X00,0X01,0X00,0X01,0X00,
  63          0X01,0X00,0X01,0X00,0X01,0X00,0X01,0X00,0X01,0X00,0X01,0X00,0X01,0X00,0X01,0X00,
  64          0X01,0X00,0X01,0X00,0X01,0X00,0X01,0X00,0X01,0X00,0X01,0X00,0X01,0X00,0X01,0X00,
  65          0X01,0X00,0X01,0X00,0X01,0X00,0X01,0X00,0X01,0X00,0X01,0X00,0X01,0X00,0X01,0X00,
  66          0X01,0X00,0X01,0X00,0X01,0X00,0X01,0X00,0X01,0X00,0X01,0X00,0X01,0X00,0X01,0X00,
  67          0X01,0X00,0X41,0X00,0X22,0X11,0X04,0X22,0X64,0X32,0X24,0X32,0XE4,0X29,0X83,0X19,
  68          0X22,0X01,0X41,0X01,0X41,0X01,0X61,0X01,0X41,0X01,0XE2,0X00,0X81,0X00,0X22,0X00,
  69          0X01,0X00,0X01,0X00,0X01,0X00,0X01,0X00,0X01,0X00,0X01,0X00,0X01,0X00,0X01,0X00,
  70          0X01,0X00,0X01,0X00,0X01,0X00,0X01,0X00,0X01,0X00,0X01,0X00,0X01,0X00,0X01,0X00,
  71          0X01,0X00,0X01,0X00,0X01,0X00,0X01,0X00,0X01,0X00,0X01,0X00,0X01,0X00,0X01,0X00,
  72          0X01,0X00,0X01,0X00,0X01,0X00,0X01,0X00,0X01,0X00,0X01,0X00,0X01,0X00,0X01,0X00,
  73          0X01,0X00,0X01,0X00,0X01,0X00,0X01,0X00,0X01,0X00,0X01,0X00,0X01,0X00,0X01,0X00,
  74          0X01,0X00,0X01,0X00,0X01,0X00,0X01,0X00,0X01,0X00,0X01,0X00,0X01,0X00,0X01,0X00,
  75          0X01,0X00,0X01,0X00,0X01,0X00,0X01,0X00,0X01,0X00,0X01,0X00,0X01,0X00,0X01,0X00,
  76          0X01,0X00,0X01,0X00,0X01,0X00,0X01,0X00,0X01,0X00,0X00,0X00,0X41,0X00,0X83,0X11,
  77          0X06,0X43,0XF7,0XE7,0XF8,0XFF,0XF9,0XFF,0XDA,0XFF,0XFC,0XEF,0X06,0X0B,0XF4,0X7E,
  78          0XF3,0X6F,0XEE,0X67,0X86,0X04,0XC5,0X03,0X04,0X02,0X02,0X01,0X21,0X00,0X01,0X00,
  79          0X01,0X00,0X01,0X00,0X01,0X00,0X01,0X00,0X01,0X00,0X01,0X00,0X01,0X00,0X01,0X00,
  80          0X01,0X00,0X01,0X00,0X01,0X00,0X01,0X00,0X01,0X00,0X01,0X00,0X01,0X00,0X01,0X00,
  81          0X01,0X00,0X01,0X00,0X01,0X00,0X01,0X00,0X01,0X00,0X01,0X00,0X01,0X00,0X01,0X00,
  82          0X01,0X00,0X01,0X00,0X01,0X00,0X01,0X00,0X01,0X00,0X01,0X00,0X01,0X00,0X01,0X00,
  83          0X01,0X00,0X01,0X00,0X01,0X00,0X01,0X00,0X01,0X00,0X01,0X00,0X01,0X00,0X01,0X00,
  84          0X01,0X00,0X01,0X00,0X01,0X00,0X01,0X00,0X01,0X00,0X01,0X00,0X01,0X00,0X01,0X00,
  85          0X01,0X00,0X01,0X00,0X01,0X00,0X01,0X00,0X01,0X00,0X01,0X00,0X01,0X00,0X01,0X00,
  86          0X01,0X00,0X01,0X00,0X01,0X00,0X41,0X00,0X23,0X19,0X05,0X33,0XF8,0XF7,0XFB,0XFF,
  87          0XFB,0XFF,0XF9,0XFF,0XF8,0XF7,0X35,0XB7,0X8B,0X3D,0X07,0X14,0XD2,0X87,0X2C,0X6F,
  88          0XEA,0X87,0XC9,0X4F,0X6A,0X4F,0X2D,0X25,0XA1,0X00,0X01,0X00,0X01,0X00,0X01,0X00,
  89          0X01,0X00,0X01,0X00,0X01,0X00,0X01,0X00,0X01,0X00,0X01,0X00,0X01,0X00,0X01,0X00,
  90          0X01,0X00,0X01,0X00,0X01,0X00,0X01,0X00,0X01,0X00,0X01,0X00,0X01,0X00,0X01,0X00,
  91          0X01,0X00,0X01,0X00,0X01,0X00,0X01,0X00,0X01,0X00,0X01,0X00,0X01,0X00,0X01,0X00,
  92          0X01,0X00,0X01,0X00,0X01,0X00,0X01,0X00,0X01,0X00,0X01,0X00,0X01,0X00,0X01,0X00,
  93          0X01,0X00,0X01,0X00,0X01,0X00,0X01,0X00,0X01,0X00,0X01,0X00,0X01,0X00,0X01,0X00,
  94          0X01,0X00,0X01,0X00,0X01,0X00,0X01,0X00,0X01,0X00,0X01,0X00,0X01,0X00,0X01,0X00,
  95          0X01,0X00,0X01,0X00,0X01,0X00,0X01,0X00,0X01,0X00,0X01,0X00,0X01,0X00,0X01,0X00,
  96          0X21,0X00,0X02,0X09,0X33,0XAE,0X16,0XCF,0XFD,0XFF,0XFD,0XFF,0XFD,0XFF,0XFD,0XFF,
  97          0X12,0X9F,0XB2,0X9E,0X06,0X1C,0XED,0X5D,0X44,0X1C,0XE4,0X13,0XE3,0X0B,0X48,0X24,
  98          0X03,0X03,0X4D,0X2C,0X41,0X01,0X82,0X00,0X62,0X00,0X82,0X00,0X61,0X00,0X21,0X00,
  99          0X01,0X00,0X01,0X00,0X01,0X00,0X01,0X00,0X01,0X00,0X01,0X00,0X01,0X00,0X01,0X00,
 100          0X01,0X00,0X01,0X00,0X01,0X00,0X01,0X00,0X01,0X00,0X01,0X00,0X01,0X00,0X01,0X00,
 101          0X01,0X00,0X01,0X00,0X01,0X00,0X01,0X00,0X01,0X00,0X01,0X00,0X01,0X00,0X01,0X00,
 102          0X01,0X00,0X01,0X00,0X01,0X00,0X01,0X00,0X01,0X00,0X01,0X00,0X01,0X00,0X01,0X00,
 103          0X01,0X00,0X01,0X00,0X01,0X00,0X01,0X00,0X01,0X00,0X01,0X00,0X01,0X00,0X01,0X00,
 104          0X01,0X00,0X01,0X00,0X01,0X00,0X01,0X00,0X01,0X00,0X01,0X00,0X01,0X00,0X01,0X00,
 105          0X01,0X00,0X01,0X00,0X01,0X00,0X01,0X00,0X01,0X00,0X01,0X00,0X62,0X00,0XE3,0X11,
 106          0XF8,0XE7,0XFB,0XFF,0XFC,0XFF,0XFE,0XFF,0XFE,0XFF,0XF9,0XF7,0XEB,0X45,0X8C,0X5E,
 107          0XF4,0X87,0X46,0X14,0X4F,0X67,0X31,0X9F,0XAA,0X14,0XB0,0X76,0X05,0X03,0X44,0X0A,
 108          0X21,0X02,0X02,0X01,0XC4,0X01,0X56,0X7F,0X62,0X01,0XE2,0X00,0X81,0X00,0X41,0X00,
 109          0X01,0X00,0X01,0X00,0X01,0X00,0X01,0X00,0X01,0X00,0X01,0X00,0X01,0X00,0X01,0X00,
 110          0X01,0X00,0X01,0X00,0X01,0X00,0X01,0X00,0X01,0X00,0X01,0X00,0X01,0X00,0X01,0X00,
 111          0X01,0X00,0X01,0X00,0X01,0X00,0X01,0X00,0X01,0X00,0X01,0X00,0X01,0X00,0X01,0X00,
 112          0X01,0X00,0X01,0X00,0X01,0X00,0X01,0X00,0X01,0X00,0X01,0X00,0X01,0X00,0X01,0X00,
 113          0X01,0X00,0X01,0X00,0X01,0X00,0X01,0X00,0X01,0X00,0X01,0X00,0X01,0X00,0X01,0X00,
 114          0X01,0X00,0X01,0X00,0X01,0X00,0X01,0X00,0X01,0X00,0X01,0X00,0X01,0X00,0X01,0X00,
 115          0X01,0X00,0X00,0X00,0X01,0X00,0X81,0X00,0X63,0X11,0X85,0X2A,0X2B,0X55,0XEF,0X8D,
 116          0XFE,0XFF,0XFA,0XEF,0X94,0XB7,0XDB,0XFF,0X28,0X35,0XF2,0X97,0X52,0X57,0X64,0X0C,
C51 COMPILER V9.00   IMAGE0                                                                10/22/2014 20:51:26 PAGE 3   

 117          0X67,0X04,0X07,0X0C,0X05,0X03,0X45,0X03,0XAF,0X3E,0XA6,0X03,0X67,0X13,0X23,0X02,
 118          0XC2,0X02,0X6A,0X04,0X46,0X03,0X8B,0X1C,0X41,0X02,0X21,0X01,0X81,0X00,0X01,0X00,
 119          0X01,0X00,0X01,0X00,0X01,0X00,0X01,0X00,0X01,0X00,0X01,0X00,0X01,0X00,0X01,0X00,
 120          0X01,0X00,0X01,0X00,0X01,0X00,0X01,0X00,0X01,0X00,0X01,0X00,0X01,0X00,0X01,0X00,
 121          0X01,0X00,0X01,0X00,0X01,0X00,0X01,0X00,0X01,0X00,0X01,0X00,0X01,0X00,0X01,0X00,
 122          0X01,0X00,0X01,0X00,0X01,0X00,0X01,0X00,0X01,0X00,0X01,0X00,0X01,0X00,0X01,0X00,
 123          0X01,0X00,0X01,0X00,0X01,0X00,0X01,0X00,0X01,0X00,0X01,0X00,0X01,0X00,0X01,0X00,
 124          0X01,0X00,0X01,0X00,0X01,0X00,0X01,0X00,0X01,0X00,0X01,0X00,0X01,0X00,0X01,0X00,
 125          0XC1,0X00,0X03,0X1A,0XF1,0X95,0XF9,0XEF,0X4C,0X65,0XFB,0XFF,0XFA,0XFF,0XED,0X76,
 126          0X8A,0X5D,0X0A,0X4D,0XC7,0X2C,0X48,0X0D,0XB1,0X6F,0X4D,0X2E,0X47,0X0C,0X08,0X15,
 127          0X6C,0X14,0X69,0X03,0X05,0X03,0XCA,0X1C,0X71,0X8F,0X66,0X03,0X4A,0X0C,0X65,0X0C,
 128          0X6C,0X4F,0XCC,0X9F,0X47,0X1F,0X27,0X05,0XE3,0X01,0XE2,0X00,0X41,0X00,0X01,0X00,
 129          0X01,0X00,0X01,0X00,0X01,0X00,0X01,0X00,0X01,0X00,0X01,0X00,0X01,0X00,0X01,0X00,
 130          0X01,0X00,0X01,0X00,0X01,0X00,0X01,0X00,0X01,0X00,0X01,0X00,0X01,0X00,0X01,0X00,
 131          0X01,0X00,0X01,0X00,0X01,0X00,0X01,0X00,0X01,0X00,0X01,0X00,0X01,0X00,0X01,0X00,
 132          0X01,0X00,0X01,0X00,0X01,0X00,0X01,0X00,0X01,0X00,0X01,0X00,0X01,0X00,0X01,0X00,
 133          0X01,0X00,0X01,0X00,0X01,0X00,0X01,0X00,0X01,0X00,0X01,0X00,0X01,0X00,0X01,0X00,
 134          0X01,0X00,0X01,0X00,0X01,0X00,0X01,0X00,0X01,0X00,0X61,0X00,0XE3,0X01,0X13,0X9F,
 135          0X96,0XC7,0XFB,0XDF,0XFC,0XF7,0XFB,0XF7,0XF7,0XE7,0X8E,0X66,0XD6,0XE7,0XF4,0XB7,
 136          0X10,0X6F,0XA7,0X24,0XB5,0XAF,0X6A,0X15,0X28,0X0C,0X0C,0X36,0XA7,0X1B,0XA9,0X0B,
 137          0XC8,0X0A,0XA6,0X0A,0X06,0X03,0XED,0X55,0XCB,0X47,0XF3,0XE7,0XEA,0X5F,0XCB,0X2E,
 138          0XF0,0X9F,0XEC,0X47,0XEC,0X05,0XA6,0X02,0X63,0X01,0X81,0X00,0X01,0X00,0X01,0X00,
 139          0X01,0X00,0X01,0X00,0X01,0X00,0X01,0X00,0X01,0X00,0X01,0X00,0X01,0X00,0X01,0X00,
 140          0X01,0X00,0X01,0X00,0X01,0X00,0X01,0X00,0X01,0X00,0X01,0X00,0X01,0X00,0X01,0X00,
 141          0X01,0X00,0X01,0X00,0X01,0X00,0X01,0X00,0X01,0X00,0X01,0X00,0X01,0X00,0X01,0X00,
 142          0X01,0X00,0X01,0X00,0X01,0X00,0X01,0X00,0X01,0X00,0X01,0X00,0X01,0X00,0X01,0X00,
 143          0X01,0X00,0X01,0X00,0X21,0X00,0X22,0X00,0X21,0X00,0X00,0X00,0X01,0X00,0X01,0X00,
 144          0X01,0X00,0X01,0X00,0X21,0X00,0XE1,0X00,0XA5,0X32,0XF9,0XD7,0XFF,0XFF,0XFF,0XFF,
 145          0XFD,0XE7,0XFD,0XEF,0X2C,0X65,0XE8,0X3C,0X09,0X35,0XE9,0X34,0XA9,0X3C,0XC8,0X34,
 146          0XED,0X55,0X90,0X6E,0XF6,0X8F,0XCC,0X3E,0XD4,0XCF,0X88,0X34,0X24,0X14,0X27,0X03,
 147          0X26,0X03,0X47,0X0C,0XF1,0XA7,0X4A,0X57,0XF0,0XBF,0XCF,0XAF,0XCB,0X87,0X89,0X47,
 148          0XE7,0X27,0X6B,0X17,0X29,0X05,0X84,0X01,0X62,0X00,0X01,0X00,0X01,0X00,0X01,0X00,
 149          0X01,0X00,0X01,0X00,0X01,0X00,0X01,0X00,0X01,0X00,0X01,0X00,0X01,0X00,0X01,0X00,
 150          0X01,0X00,0X01,0X00,0X01,0X00,0X01,0X00,0X01,0X00,0X01,0X00,0X01,0X00,0X01,0X00,
 151          0X01,0X00,0X01,0X00,0X01,0X00,0X01,0X00,0X01,0X00,0X01,0X00,0X01,0X00,0X01,0X00,
 152          0X01,0X00,0X01,0X00,0X01,0X00,0X01,0X00,0X01,0X00,0X01,0X00,0X01,0X00,0X21,0X00,
 153          0X24,0X11,0X24,0X19,0XA2,0X00,0X21,0X00,0X01,0X00,0X01,0X00,0X01,0X00,0X01,0X00,
 154          0X61,0X00,0XC2,0X11,0XFA,0XEF,0XDA,0XE7,0X7B,0XD7,0XFF,0XFF,0XFE,0XF7,0X93,0XBF,
 155          0X8C,0X75,0XF9,0XD7,0XAF,0X76,0X8E,0X66,0XF5,0XBF,0X73,0X9F,0XA6,0X0B,0X25,0X03,
 156          0X24,0X03,0XA4,0X02,0XC4,0X0A,0X09,0X0C,0XA4,0X03,0X90,0X4E,0X72,0X67,0XE9,0X0C,
 157          0XEA,0X6F,0XCD,0X4F,0XA7,0X57,0XCF,0XB7,0XF9,0XFF,0XF0,0XCF,0X89,0X1F,0XC9,0X57,
 158          0XCA,0X0F,0X6C,0X15,0X21,0X01,0X41,0X00,0X01,0X00,0X01,0X00,0X01,0X00,0X01,0X00,
 159          0X01,0X00,0X01,0X00,0X01,0X00,0X01,0X00,0X01,0X00,0X01,0X00,0X01,0X00,0X01,0X00,
 160          0X01,0X00,0X01,0X00,0X01,0X00,0X01,0X00,0X01,0X00,0X01,0X00,0X01,0X00,0X01,0X00,
 161          0X01,0X00,0X01,0X00,0X01,0X00,0X01,0X00,0X01,0X00,0X01,0X00,0X01,0X00,0X01,0X00,
 162          0X01,0X00,0X01,0X00,0X01,0X00,0X01,0X00,0X01,0X00,0X21,0X00,0XA6,0X29,0XFF,0XFF,
 163          0XC6,0X21,0X61,0X00,0X21,0X00,0X01,0X00,0X00,0X00,0X81,0X00,0X62,0X01,0X23,0X23,
 164          0XCB,0X57,0XF7,0XD7,0XFF,0XFF,0XFF,0XFF,0XFF,0XFF,0XFC,0XE7,0XFB,0XFF,0XFA,0XFF,
 165          0XF8,0XF7,0XF6,0XE7,0X46,0X1D,0X0E,0X3F,0X48,0X0D,0XC7,0X03,0X08,0X03,0XE4,0X09,
 166          0X86,0X0A,0XC4,0X01,0XE4,0X01,0X05,0X03,0X27,0X03,0X8A,0X46,0XF3,0XD7,0XAC,0X67,
 167          0XCE,0X97,0X4A,0X57,0XF1,0XAF,0XF8,0XF7,0XC7,0X8F,0XC8,0X2F,0X0B,0X0E,0X48,0X04,
 168          0XC6,0X01,0X81,0X00,0X01,0X00,0X01,0X00,0X01,0X00,0X01,0X00,0X01,0X00,0X01,0X00,
 169          0X01,0X00,0X01,0X00,0X01,0X00,0X01,0X00,0X01,0X00,0X01,0X00,0X01,0X00,0X01,0X00,
 170          0X01,0X00,0X01,0X00,0X01,0X00,0X01,0X00,0X01,0X00,0X01,0X00,0X01,0X00,0X01,0X00,
 171          0X01,0X00,0X01,0X00,0X01,0X00,0X01,0X00,0X01,0X00,0X01,0X00,0X01,0X00,0X01,0X00,
 172          0X01,0X00,0X01,0X00,0X01,0X00,0X42,0X00,0X68,0X32,0XFF,0XFF,0XFF,0XFF,0X85,0X11,
 173          0X82,0X00,0X82,0X00,0XE2,0X00,0XA2,0X01,0X29,0X1D,0XEF,0X8F,0XF8,0XD7,0XFF,0XFF,
 174          0XFF,0XFF,0XFF,0XFF,0XFF,0XFF,0XFA,0XEF,0XF8,0XF7,0XF4,0XEF,0XF3,0XDF,0XF1,0XCF,
 175          0XEE,0XBF,0XEE,0XBF,0XF0,0XC7,0XEF,0X9F,0X86,0X2D,0XE8,0X02,0XE3,0X01,0X84,0X01,
 176          0X28,0X12,0X23,0X09,0XE4,0X01,0X50,0X66,0XAD,0X57,0XCD,0X87,0XF5,0XE7,0XF9,0XF7,
 177          0X4B,0X4F,0XF6,0XEF,0XFC,0XFF,0XF3,0XAF,0XC6,0X04,0XC9,0X04,0XA6,0X02,0X42,0X01,
 178          0X42,0X00,0X01,0X00,0X01,0X00,0X01,0X00,0X01,0X00,0X01,0X00,0X01,0X00,0X01,0X00,
C51 COMPILER V9.00   IMAGE0                                                                10/22/2014 20:51:26 PAGE 4   

 179          0X01,0X00,0X01,0X00,0X01,0X00,0X01,0X00,0X01,0X00,0X01,0X00,0X01,0X00,0X01,0X00,
 180          0X01,0X00,0X01,0X00,0X01,0X00,0X01,0X00,0X01,0X00,0X01,0X00,0X01,0X00,0X01,0X00,
 181          0X01,0X00,0X01,0X00,0X01,0X00,0X01,0X00,0X01,0X00,0X01,0X00,0X01,0X00,0X21,0X00,
 182          0X41,0X00,0X62,0X00,0XE6,0X19,0XFF,0XFF,0XFF,0XFF,0X6B,0X43,0X67,0X22,0XC9,0X42,
 183          0X3C,0XDF,0XDD,0XE7,0X75,0XA7,0XD9,0XDF,0XBB,0XE7,0XFF,0XFF,0XFF,0XFF,0XFF,0XFF,
 184          0XFE,0XEF,0XF4,0XCF,0XF1,0XCF,0XD0,0XD7,0X8D,0X5F,0XC4,0X13,0XA8,0X0B,0XE8,0X0B,
 185          0X06,0X04,0XA6,0X03,0XAA,0X26,0XAB,0X07,0X2A,0X0F,0X46,0X02,0X43,0X01,0XA2,0X00,
 186          0XC2,0X00,0X81,0X01,0X64,0X03,0XF3,0XB7,0XEF,0XC7,0XEE,0X87,0X0C,0X2F,0XF7,0XF7,
 187          0XA9,0X4F,0XC9,0X27,0X29,0X04,0XA5,0X02,0X43,0X02,0XA3,0X01,0X82,0X00,0X00,0X00,
 188          0X01,0X00,0X01,0X00,0X01,0X00,0X01,0X00,0X01,0X00,0X01,0X00,0X01,0X00,0X01,0X00,
 189          0X01,0X00,0X01,0X00,0X01,0X00,0X01,0X00,0X01,0X00,0X01,0X00,0X01,0X00,0X01,0X00,
 190          0X01,0X00,0X01,0X00,0X01,0X00,0X01,0X00,0X01,0X00,0X01,0X00,0X01,0X00,0X01,0X00,
 191          0X01,0X00,0X01,0X00,0X01,0X00,0X01,0X00,0X01,0X00,0X42,0X00,0XF3,0X94,0X24,0X09,
 192          0X06,0X12,0XFF,0XF7,0XFF,0XFF,0XFF,0XFF,0XFF,0XFF,0XFF,0XFF,0XFF,0XFF,0XDF,0XFF,
 193          0XFE,0XFF,0XFE,0XF7,0XFF,0XFF,0XFF,0XFF,0XFF,0XFF,0XFF,0XFF,0XB8,0XC7,0XF1,0XC7,
 194          0XF1,0XBF,0XAE,0X6F,0X22,0X13,0XA1,0X01,0X42,0X01,0X22,0X01,0X02,0X01,0X21,0X01,
 195          0X82,0X01,0XA5,0X02,0XC3,0X02,0X47,0X03,0XAD,0X0D,0XA2,0X00,0X61,0X00,0X82,0X00,
 196          0X42,0X01,0XA5,0X0A,0XCF,0X77,0XF3,0XE7,0X87,0X37,0XEF,0XC7,0XAC,0X0E,0XE9,0X04,
 197          0X29,0X0C,0XC6,0X03,0X43,0X02,0X04,0X02,0X61,0X00,0X01,0X00,0X01,0X00,0X01,0X00,
 198          0X01,0X00,0X01,0X00,0X01,0X00,0X01,0X00,0X01,0X00,0X01,0X00,0X01,0X00,0X01,0X00,
 199          0X01,0X00,0X01,0X00,0X01,0X00,0X01,0X00,0X01,0X00,0X01,0X00,0X01,0X00,0X01,0X00,
 200          0X01,0X00,0X01,0X00,0X01,0X00,0X01,0X00,0X01,0X00,0X01,0X00,0X01,0X00,0X01,0X00,
 201          0X01,0X00,0X01,0X00,0X01,0X00,0X82,0X00,0XDF,0XF7,0XEA,0X4A,0XF6,0X9D,0XBE,0XF7,
 202          0XFF,0XFF,0XFF,0XFF,0XFF,0XFF,0XFF,0XF7,0X53,0X95,0X89,0X2B,0XB0,0X46,0XDF,0XFF,
 203          0XFE,0XFF,0XFF,0XFF,0XFE,0XF7,0XDF,0XFF,0XFF,0XF7,0XB8,0XAF,0X86,0X1B,0XE2,0X09,
 204          0XE1,0X00,0X41,0X00,0X21,0X00,0X21,0X00,0X01,0X00,0X21,0X00,0X41,0X00,0XA1,0X00,
 205          0XE1,0X00,0X03,0X01,0XA2,0X00,0X42,0X00,0X82,0X00,0X82,0X00,0X82,0X00,0X03,0X01,
 206          0XE2,0X01,0X85,0X03,0XE8,0X1E,0X6B,0X06,0XD0,0X4F,0X0D,0X05,0X29,0X03,0X68,0X05,
 207          0XC6,0X02,0XE3,0X00,0X42,0X00,0X22,0X00,0X01,0X00,0X01,0X00,0X01,0X00,0X01,0X00,
 208          0X01,0X00,0X01,0X00,0X01,0X00,0X01,0X00,0X01,0X00,0X01,0X00,0X01,0X00,0X01,0X00,
 209          0X01,0X00,0X01,0X00,0X01,0X00,0X01,0X00,0X01,0X00,0X01,0X00,0X01,0X00,0X01,0X00,
 210          0X01,0X00,0X01,0X00,0X01,0X00,0X01,0X00,0X01,0X00,0X01,0X00,0X01,0X00,0X01,0X00,
 211          0X01,0X00,0X21,0X00,0X86,0X21,0XDF,0XFF,0XDF,0XFF,0XFF,0XF7,0XFF,0XFF,0XFF,0XFF,
 212          0XFF,0XFF,0X6E,0X5C,0X45,0X1A,0X28,0X2B,0XDF,0XFF,0XFE,0XFF,0XD8,0XAF,0XCE,0X37,
 213          0X8E,0X2E,0XB1,0X4D,0XFF,0XFF,0XFF,0XFF,0X26,0X22,0X81,0X00,0X01,0X00,0X00,0X00,
 214          0X01,0X00,0X00,0X00,0X00,0X00,0X01,0X00,0X00,0X00,0X01,0X00,0X01,0X00,0X21,0X00,
 215          0X21,0X00,0X02,0X08,0X42,0X00,0X63,0X00,0X63,0X00,0X62,0X00,0X82,0X00,0X41,0X01,
 216          0XC0,0X01,0X22,0X02,0X64,0X02,0X06,0X02,0XC4,0X01,0X24,0X01,0XC3,0X00,0X82,0X00,
 217          0X62,0X00,0X42,0X00,0X01,0X00,0X01,0X00,0X01,0X00,0X01,0X00,0X01,0X00,0X01,0X00,
 218          0X01,0X00,0X01,0X00,0X01,0X00,0X01,0X00,0X01,0X00,0X01,0X00,0X01,0X00,0X01,0X00,
 219          0X01,0X00,0X01,0X00,0X01,0X00,0X01,0X00,0X01,0X00,0X01,0X00,0X01,0X00,0X01,0X00,
 220          0X01,0X00,0X01,0X00,0X01,0X00,0X01,0X00,0X01,0X00,0X01,0X00,0X00,0X00,0X21,0X00,
 221          0XE3,0X08,0X4C,0X5B,0XBE,0XF7,0XFF,0XFF,0XFF,0XFF,0X8F,0X6C,0XDE,0XEF,0XFF,0XFF,
 222          0X8B,0X33,0X7D,0XE7,0XFF,0XFF,0XB3,0X75,0X35,0X86,0XD0,0X34,0X48,0X13,0X86,0X0A,
 223          0XA7,0X22,0XFF,0XF7,0X65,0X19,0X20,0X00,0X00,0X00,0X01,0X00,0X01,0X00,0X01,0X00,
 224          0X01,0X00,0X01,0X00,0X01,0X00,0X01,0X00,0X01,0X00,0X01,0X00,0X01,0X00,0X01,0X00,
 225          0X01,0X00,0X22,0X00,0X42,0X00,0X4A,0X13,0X41,0X00,0X21,0X00,0X41,0X00,0XA2,0X00,
 226          0XE4,0X00,0X26,0X09,0XC3,0X00,0X62,0X00,0X62,0X00,0X82,0X00,0X82,0X00,0X43,0X00,
 227          0X01,0X00,0X01,0X00,0X01,0X00,0X01,0X00,0X01,0X00,0X01,0X00,0X01,0X00,0X01,0X00,
 228          0X01,0X00,0X01,0X00,0X01,0X00,0X01,0X00,0X01,0X00,0X01,0X00,0X01,0X00,0X01,0X00,
 229          0X01,0X00,0X01,0X00,0X01,0X00,0X01,0X00,0X01,0X00,0X01,0X00,0X01,0X00,0X01,0X00,
 230          0X01,0X00,0X01,0X00,0X01,0X00,0X01,0X00,0X01,0X00,0X00,0X00,0X01,0X00,0XC3,0X08,
 231          0XE6,0X21,0X2A,0X3B,0X0D,0X54,0XEC,0X4B,0X4E,0X5C,0XFF,0XFF,0XBE,0XFF,0XFF,0XF7,
 232          0XFF,0XFF,0XFF,0XFF,0XFF,0XFF,0XDF,0XFF,0XFF,0XFF,0X46,0X1A,0XC3,0X00,0X82,0X00,
 233          0X21,0X00,0X01,0X00,0X01,0X00,0X01,0X00,0X01,0X00,0X01,0X00,0X01,0X00,0X01,0X00,
 234          0X01,0X00,0X01,0X00,0X01,0X00,0X01,0X00,0X01,0X00,0X01,0X00,0X01,0X00,0X01,0X00,
 235          0X42,0X00,0X42,0X00,0X22,0X00,0X22,0X00,0X01,0X00,0X22,0X00,0X82,0X00,0X43,0X01,
 236          0X83,0X00,0X62,0X00,0X82,0X00,0X03,0X01,0X23,0X01,0X62,0X00,0X01,0X00,0X01,0X00,
 237          0X01,0X00,0X01,0X00,0X01,0X00,0X01,0X00,0X01,0X00,0X01,0X00,0X01,0X00,0X01,0X00,
 238          0X01,0X00,0X01,0X00,0X01,0X00,0X01,0X00,0X01,0X00,0X01,0X00,0X01,0X00,0X01,0X00,
 239          0X01,0X00,0X01,0X00,0X01,0X00,0X01,0X00,0X01,0X00,0X01,0X00,0X01,0X00,0X01,0X00,
 240          0X01,0X00,0X01,0X00,0X01,0X00,0X01,0X00,0X01,0X00,0X21,0X00,0X61,0X00,0X06,0X1A,
C51 COMPILER V9.00   IMAGE0                                                                10/22/2014 20:51:26 PAGE 5   

 241          0XFF,0XFF,0XBF,0XF7,0XFF,0XFF,0XFF,0XFF,0XFF,0XFF,0XFF,0XFF,0XFF,0XFF,0XFF,0XFF,
 242          0XDF,0XFF,0XFF,0XFF,0XFF,0XFF,0XFF,0XF7,0X64,0X11,0X21,0X00,0X01,0X00,0X01,0X00,
 243          0X01,0X00,0X01,0X00,0X01,0X00,0X01,0X00,0X01,0X00,0X01,0X00,0X01,0X00,0X01,0X00,
 244          0X01,0X00,0X01,0X00,0X01,0X00,0X01,0X00,0X01,0X00,0X01,0X00,0X01,0X00,0X01,0X00,
 245          0X65,0X01,0XA3,0X00,0X22,0X00,0X21,0X00,0X43,0X08,0X03,0X01,0X03,0X01,0XC3,0X00,
 246          0XE4,0X00,0X64,0X01,0X08,0X0A,0XA3,0X00,0X42,0X00,0X22,0X00,0X21,0X00,0X01,0X00,
 247          0X01,0X00,0X01,0X00,0X01,0X00,0X01,0X00,0X01,0X00,0X01,0X00,0X01,0X00,0X01,0X00,
 248          0X01,0X00,0X01,0X00,0X01,0X00,0X01,0X00,0X01,0X00,0X01,0X00,0X01,0X00,0X01,0X00,
 249          0X01,0X00,0X01,0X00,0X01,0X00,0X01,0X00,0X01,0X00,0X01,0X00,0X01,0X00,0X01,0X00,
 250          0X01,0X00,0X01,0X00,0X01,0X00,0X01,0X00,0X41,0X00,0XE6,0X21,0XFF,0XFF,0XFF,0XFF,
 251          0XFF,0XFF,0XFF,0XFF,0XBE,0XF7,0XFE,0XE7,0X11,0X75,0X6D,0X4C,0X2B,0X34,0XFF,0XF7,
 252          0XFF,0XFF,0XFF,0XFF,0XC6,0X21,0X21,0X00,0X01,0X00,0X01,0X00,0X01,0X00,0X01,0X00,
 253          0X01,0X00,0X01,0X00,0X01,0X00,0X01,0X00,0X01,0X00,0X01,0X00,0X01,0X00,0X01,0X00,
 254          0X01,0X00,0X01,0X00,0X01,0X00,0X01,0X00,0X01,0X00,0X01,0X00,0X21,0X00,0X62,0X00,
 255          0XC4,0X08,0X42,0X00,0X41,0X00,0XA3,0X00,0X4B,0X35,0XE4,0X08,0XE4,0X00,0XA4,0X00,
 256          0XA3,0X00,0XE3,0X00,0XC3,0X00,0X82,0X00,0X22,0X00,0X01,0X00,0X01,0X00,0X01,0X00,
 257          0X01,0X00,0X01,0X00,0X01,0X00,0X01,0X00,0X01,0X00,0X01,0X00,0X01,0X00,0X01,0X00,
 258          0X01,0X00,0X01,0X00,0X01,0X00,0X01,0X00,0X01,0X00,0X00,0X00,0X02,0X00,0X02,0X00,
 259          0X02,0X00,0X22,0X00,0X01,0X00,0X01,0X00,0X01,0X00,0X00,0X00,0X00,0X00,0X01,0X00,
 260          0X01,0X00,0X01,0X00,0X21,0X00,0XA6,0X19,0XFF,0XFF,0XDF,0XFF,0XB8,0XAE,0X19,0XAF,
 261          0XFF,0XF7,0XFF,0XFF,0XFF,0XFF,0XDF,0XFF,0X11,0X75,0XFF,0XFF,0XFF,0XFF,0XFF,0XF7,
 262          0X24,0X09,0X21,0X00,0X01,0X00,0X01,0X00,0X01,0X00,0X01,0X00,0X01,0X00,0X01,0X00,
 263          0X01,0X00,0X01,0X00,0X01,0X00,0X01,0X00,0X01,0X00,0X01,0X00,0X01,0X00,0X01,0X00,
 264          0X01,0X00,0X01,0X00,0X01,0X00,0X01,0X00,0X01,0X00,0X42,0X00,0XCA,0X1A,0X83,0X00,
 265          0X42,0X00,0X62,0X00,0XC3,0X00,0XE4,0X00,0XE4,0X00,0XA4,0X00,0XA3,0X00,0XC3,0X00,
 266          0XAE,0X4C,0X03,0X01,0XA2,0X00,0X42,0X00,0X01,0X00,0X01,0X00,0X01,0X00,0X01,0X00,
 267          0X01,0X00,0X01,0X00,0X01,0X00,0X01,0X00,0X01,0X00,0X01,0X00,0X01,0X00,0X01,0X00,
 268          0X01,0X00,0X01,0X00,0X01,0X00,0X21,0X00,0X63,0X00,0X63,0X00,0X63,0X00,0X09,0X12,
 269          0X22,0X00,0X02,0X00,0X01,0X00,0X01,0X00,0X01,0X00,0X01,0X00,0X87,0X21,0X01,0X00,
 270          0X01,0X00,0X04,0X11,0XDE,0XEF,0XFF,0XFF,0XFF,0XFF,0XFF,0XFF,0XFF,0XFF,0XDF,0XFF,
 271          0XDE,0XF7,0XFE,0XEF,0XFF,0XFF,0XFF,0XFF,0XFF,0XFF,0X6C,0X53,0XA2,0X08,0X01,0X00,
 272          0X01,0X00,0X01,0X00,0X01,0X00,0X01,0X00,0X01,0X00,0X01,0X00,0X01,0X00,0X01,0X00,
 273          0X01,0X00,0X01,0X00,0X01,0X00,0X01,0X00,0X01,0X00,0X01,0X00,0X01,0X00,0X01,0X00,
 274          0X01,0X00,0X01,0X00,0X01,0X00,0X63,0X00,0X47,0X01,0XC9,0X02,0X23,0X01,0XA2,0X00,
 275          0X62,0X00,0XC3,0X00,0X06,0X0A,0X08,0X12,0XC3,0X00,0XB3,0X65,0X43,0X01,0X84,0X09,
 276          0X28,0X1B,0XE1,0X00,0X61,0X00,0X01,0X00,0X01,0X00,0X01,0X00,0X01,0X00,0X01,0X00,
 277          0X01,0X00,0X01,0X00,0X01,0X00,0X01,0X00,0X01,0X00,0X01,0X00,0X01,0X00,0X01,0X00,
 278          0X61,0X00,0XE2,0X00,0X25,0X01,0X04,0X01,0XE5,0X08,0X84,0X00,0X63,0X00,0X22,0X00,
 279          0X02,0X00,0X01,0X00,0X01,0X00,0X23,0X00,0X21,0X00,0X01,0X00,0X01,0X00,0X82,0X00,
 280          0X68,0X32,0XFF,0XFF,0XFF,0XFF,0XFF,0XF7,0X92,0X7D,0X73,0X8D,0XFF,0XEF,0XFF,0XFF,
 281          0XFF,0XFF,0XFF,0XFF,0XFF,0XFF,0XC6,0X19,0X41,0X00,0X01,0X00,0X01,0X00,0X01,0X00,
 282          0X01,0X00,0X01,0X00,0X01,0X00,0X01,0X00,0X01,0X00,0X01,0X00,0X01,0X00,0X01,0X00,
 283          0X01,0X00,0X01,0X00,0X01,0X00,0X01,0X00,0X01,0X00,0X01,0X00,0X01,0X00,0X01,0X00,
 284          0X01,0X00,0XA4,0X00,0X90,0X02,0X4F,0X05,0XC9,0X04,0X82,0X01,0X82,0X00,0X83,0X00,
 285          0X04,0X01,0X45,0X01,0X04,0X01,0X65,0X01,0XC5,0X02,0X65,0X02,0X87,0X02,0X45,0X0B,
 286          0X22,0X09,0X40,0X00,0X01,0X00,0X01,0X00,0X01,0X00,0X01,0X00,0X01,0X00,0X01,0X00,
 287          0X01,0X00,0X01,0X00,0X01,0X00,0X01,0X00,0X01,0X00,0X41,0X00,0X41,0X01,0XF1,0X8F,
 288          0XAC,0X0C,0XE5,0X09,0XAB,0X1B,0XC4,0X00,0X46,0X01,0X63,0X00,0X43,0X00,0X22,0X00,
 289          0X41,0X00,0X86,0X11,0X21,0X00,0X01,0X00,0X00,0X00,0X62,0X00,0XA5,0X11,0XFF,0XFF,
 290          0XFF,0XFF,0XDF,0XFF,0XFF,0XFF,0XFF,0XFF,0XFF,0XFF,0XFF,0XFF,0XFF,0XFF,0XFF,0XF7,
 291          0X4B,0X43,0X44,0X09,0X41,0X00,0X01,0X00,0X01,0X00,0X01,0X00,0X01,0X00,0X01,0X00,
 292          0X01,0X00,0X01,0X00,0X01,0X00,0X01,0X00,0X01,0X00,0X01,0X00,0X01,0X00,0X01,0X00,
 293          0X01,0X00,0X01,0X00,0X01,0X00,0X01,0X00,0X01,0X00,0X01,0X00,0X01,0X00,0XA4,0X00,
 294          0XEF,0X02,0XAE,0X05,0X2D,0X07,0X24,0X03,0XE2,0X00,0X62,0X00,0X03,0X01,0X2A,0X13,
 295          0X04,0X09,0XA8,0X0A,0X26,0X03,0XF3,0X97,0X27,0X1D,0XED,0X9F,0X43,0X03,0XC1,0X00,
 296          0X01,0X00,0X01,0X00,0X01,0X00,0X01,0X00,0X01,0X00,0X01,0X00,0X01,0X00,0X01,0X00,
 297          0X01,0X00,0X01,0X00,0X01,0X00,0X81,0X00,0X02,0X02,0XEC,0X87,0X84,0X0B,0XCA,0X0B,
 298          0XC5,0X02,0XE4,0X00,0XC4,0X00,0XA4,0X00,0XC3,0X00,0X82,0X00,0X80,0X01,0XA4,0X01,
 299          0X42,0X00,0X01,0X00,0X21,0X00,0XA2,0X08,0X26,0X12,0XFF,0XF7,0XFF,0XFF,0XFF,0XFF,
 300          0XFF,0XFF,0XFE,0XF7,0XFF,0XF7,0XFF,0XFF,0XFF,0XFF,0X16,0XA6,0XD5,0X9D,0X33,0X95,
 301          0X64,0X09,0X41,0X00,0X01,0X00,0X01,0X00,0X01,0X00,0X01,0X00,0X01,0X00,0X01,0X00,
 302          0X01,0X00,0X01,0X00,0X01,0X00,0X01,0X00,0X01,0X00,0X01,0X00,0X01,0X00,0X01,0X00,
C51 COMPILER V9.00   IMAGE0                                                                10/22/2014 20:51:26 PAGE 6   

 303          0X01,0X00,0X01,0X00,0X01,0X00,0X01,0X00,0X01,0X00,0X63,0X00,0XA8,0X01,0X72,0X05,
 304          0XCD,0X06,0X0C,0X1E,0X03,0X01,0X82,0X00,0X02,0X01,0X03,0X02,0X05,0X01,0X44,0X01,
 305          0XA5,0X02,0X87,0X16,0X64,0X04,0X6E,0X6F,0X0A,0X2E,0X21,0X01,0X01,0X00,0X01,0X00,
 306          0X01,0X00,0X01,0X00,0X01,0X00,0X01,0X00,0X01,0X00,0X01,0X00,0X01,0X00,0X01,0X00,
 307          0X01,0X00,0XC1,0X00,0XC4,0X02,0XED,0X5F,0X27,0X04,0XD1,0X97,0XE6,0X0A,0XC4,0X01,
 308          0X65,0X01,0X2A,0X0B,0X05,0X09,0X03,0X01,0XAC,0X15,0X23,0X01,0X62,0X00,0X62,0X00,
 309          0X24,0X09,0X88,0X2A,0XFF,0XFF,0XFF,0XEF,0X1B,0XCF,0XFF,0XFF,0XFF,0XFF,0XFF,0XFF,
 310          0XFF,0XFF,0XFF,0XFF,0XFF,0XFF,0XFF,0XFF,0XFF,0XFF,0XFF,0XFF,0XFB,0XD6,0XE3,0X08,
 311          0X01,0X00,0X01,0X00,0X01,0X00,0X01,0X00,0X01,0X00,0X01,0X00,0X01,0X00,0X01,0X00,
 312          0X01,0X00,0X01,0X00,0X01,0X00,0X01,0X00,0X01,0X00,0X01,0X00,0X01,0X00,0X01,0X00,
 313          0X01,0X00,0X01,0X00,0X01,0X00,0X22,0X00,0X05,0X01,0XED,0X03,0X2B,0X07,0XA8,0X02,
 314          0X23,0X01,0XA2,0X00,0XE4,0X00,0XE4,0X00,0X83,0X01,0X45,0X09,0XE9,0X0B,0X8B,0X67,
 315          0X27,0X1F,0X28,0X0D,0XAC,0X87,0X41,0X01,0X01,0X00,0X01,0X00,0X01,0X00,0X01,0X00,
 316          0X01,0X00,0X01,0X00,0X01,0X00,0X01,0X00,0X01,0X00,0X01,0X00,0X21,0X00,0XE2,0X00,
 317          0X64,0X02,0XC7,0X02,0X28,0X25,0X0C,0X5E,0XAE,0X4D,0X68,0X0C,0X8B,0X35,0X0B,0X1C,
 318          0XA6,0X01,0X84,0X01,0XA8,0X03,0X63,0X01,0XE3,0X00,0XE7,0X21,0X7D,0XE7,0XFF,0XFF,
 319          0XFF,0XFF,0XFF,0XFF,0XFF,0XFF,0XFF,0XFF,0XFF,0XFF,0XFF,0XFF,0XFF,0XFF,0XFF,0XFF,
 320          0XFF,0XFF,0XFF,0XFF,0XDF,0XFF,0XDF,0XFF,0XDF,0XFF,0X25,0X19,0X01,0X00,0X01,0X00,
 321          0X01,0X00,0X01,0X00,0X01,0X00,0X01,0X00,0X01,0X00,0X01,0X00,0X01,0X00,0X01,0X00,
 322          0X01,0X00,0X01,0X00,0X01,0X00,0X01,0X00,0X01,0X00,0X01,0X00,0X01,0X00,0X01,0X00,
 323          0X01,0X00,0X01,0X00,0X62,0X00,0XE2,0X00,0XC4,0X01,0XA3,0X01,0XA7,0X01,0X03,0X01,
 324          0XE3,0X00,0X85,0X01,0X24,0X02,0XA5,0X01,0X05,0X02,0X4A,0X4E,0X2A,0X1E,0XEC,0X3F,
 325          0XA8,0X1C,0XE1,0X00,0X01,0X00,0X01,0X00,0X01,0X00,0X01,0X00,0X01,0X00,0X01,0X00,
 326          0X01,0X00,0X01,0X00,0X01,0X00,0X01,0X00,0X01,0X08,0X23,0X01,0X24,0X03,0X03,0X02,
 327          0X45,0X02,0X65,0X03,0X25,0X03,0X87,0X0B,0X86,0X13,0XCA,0X24,0X04,0X02,0XEE,0X14,
 328          0X28,0X03,0X68,0X12,0X6E,0X23,0XDE,0XFF,0XFF,0XFF,0XFF,0XFF,0XFF,0XFF,0XFF,0XFF,
 329          0XFF,0XFF,0XFF,0XFF,0XFF,0XF7,0X0A,0X3B,0XA8,0X2A,0X6B,0X43,0XFF,0XFF,0XFF,0XFF,
 330          0XFF,0XFF,0X0C,0X44,0X26,0X1A,0XE3,0X08,0X01,0X00,0X01,0X00,0X01,0X00,0X01,0X00,
 331          0X01,0X00,0X01,0X00,0X01,0X00,0X01,0X00,0X01,0X00,0X01,0X00,0X01,0X00,0X01,0X00,
 332          0X01,0X00,0X01,0X00,0X01,0X00,0X01,0X00,0X01,0X00,0X01,0X00,0X01,0X00,0X01,0X00,
 333          0X01,0X00,0X41,0X00,0XC2,0X00,0X47,0X02,0XA9,0X07,0X25,0X02,0X65,0X01,0XA3,0X01,
 334          0X03,0X03,0X45,0X01,0X84,0X01,0X23,0X02,0XF2,0X5F,0X66,0X0D,0XA1,0X01,0X81,0X00,
 335          0X01,0X00,0X01,0X00,0X01,0X00,0X01,0X00,0X01,0X00,0X01,0X00,0X01,0X00,0X01,0X00,
 336          0X01,0X00,0X01,0X00,0X41,0X00,0X8B,0X24,0XED,0X6F,0XE4,0X09,0XE5,0X01,0X07,0X02,
 337          0X24,0X02,0XA8,0X0C,0X09,0X15,0X8A,0X24,0XA3,0X02,0X29,0X15,0XA6,0X04,0XA5,0X02,
 338          0XE5,0X11,0XDF,0XF7,0XFF,0XFF,0XFF,0XFF,0XFF,0XFF,0XFF,0XFF,0XFF,0XFF,0XDE,0XF7,
 339          0X6A,0X33,0X84,0X09,0XE3,0X00,0X64,0X09,0XF7,0XB5,0XFF,0XFF,0XFF,0XFF,0XFF,0XF7,
 340          0X48,0X22,0XC3,0X08,0X62,0X00,0X01,0X00,0X01,0X00,0X01,0X00,0X01,0X00,0X01,0X00,
 341          0X01,0X00,0X01,0X00,0X01,0X00,0X01,0X00,0X01,0X00,0X01,0X00,0X01,0X00,0X01,0X00,
 342          0X01,0X00,0X01,0X00,0X01,0X00,0X01,0X00,0X01,0X00,0X01,0X00,0X01,0X00,0X01,0X00,
 343          0XC3,0X00,0X8E,0X02,0X2D,0X06,0X4C,0X0E,0XCA,0X02,0X65,0X01,0X85,0X01,0XE5,0X01,
 344          0X03,0X01,0XE4,0X01,0X88,0X0C,0X41,0X02,0X02,0X01,0X41,0X00,0X01,0X00,0X01,0X00,
 345          0X01,0X00,0X01,0X00,0X01,0X00,0X01,0X00,0X01,0X00,0X01,0X00,0X01,0X00,0X01,0X00,
 346          0X62,0X00,0X63,0X02,0X03,0X02,0XE4,0X09,0X85,0X03,0X64,0X01,0XE4,0X01,0XAF,0X56,
 347          0X2A,0X0C,0XE9,0X14,0XC5,0X03,0X8E,0X47,0XEC,0X5F,0XA9,0X03,0X84,0X01,0X27,0X2A,
 348          0XF6,0XAD,0X98,0XBE,0XFF,0XFF,0XFF,0XFF,0XFF,0XFF,0XDF,0XFF,0XFF,0XFF,0X0A,0X43,
 349          0X85,0X11,0XE3,0X00,0X47,0X22,0XFF,0XF7,0XFF,0XFF,0XDF,0XFF,0XFF,0XF7,0XA9,0X3A,
 350          0X85,0X09,0XC2,0X00,0X42,0X00,0X21,0X00,0X01,0X00,0X01,0X00,0X01,0X00,0X01,0X00,
 351          0X01,0X00,0X01,0X00,0X01,0X00,0X01,0X00,0X01,0X00,0X01,0X00,0X01,0X00,0X01,0X00,
 352          0X01,0X00,0X01,0X00,0X01,0X00,0X01,0X00,0X01,0X00,0X22,0X00,0X25,0X01,0X11,0X04,
 353          0X2E,0X0F,0X4B,0X07,0X8A,0X03,0XAE,0X2C,0X64,0X01,0X04,0X11,0X23,0X01,0X84,0X01,
 354          0XE2,0X01,0X62,0X01,0X82,0X00,0X21,0X00,0X01,0X00,0X01,0X00,0X01,0X00,0X01,0X00,
 355          0X01,0X00,0X01,0X00,0X01,0X00,0X01,0X00,0X01,0X00,0X01,0X00,0X41,0X08,0X64,0X01,
 356          0X4C,0X1C,0XC5,0X01,0X84,0X09,0X84,0X01,0X04,0X02,0X65,0X02,0XC8,0X2C,0XEF,0X2D,
 357          0X06,0X0C,0XF3,0XC7,0XEF,0XB7,0X8C,0X16,0X63,0X01,0XC2,0X00,0X26,0X12,0XFF,0XF7,
 358          0XFF,0XFF,0XFF,0XFF,0XF1,0X74,0XFF,0XF7,0XFF,0XFF,0XFF,0XFF,0X1B,0XDF,0X85,0X11,
 359          0X03,0X09,0X6C,0X5B,0XFF,0XFF,0XFF,0XFF,0XFF,0XFF,0XFF,0XFF,0XFF,0XFF,0X48,0X32,
 360          0XA5,0X11,0XC3,0X00,0X62,0X00,0X01,0X00,0X01,0X00,0X01,0X00,0X01,0X00,0X01,0X00,
 361          0X01,0X00,0X01,0X00,0X01,0X00,0X01,0X00,0X01,0X00,0X01,0X00,0X01,0X00,0X01,0X00,
 362          0X01,0X00,0X01,0X00,0X01,0X00,0X22,0X00,0X25,0X01,0XAF,0X05,0XEA,0X07,0X8C,0X07,
 363          0XF0,0X03,0X06,0X02,0X47,0X0A,0X09,0X0B,0X04,0X02,0XC3,0X01,0X70,0X67,0XC3,0X01,
 364          0X82,0X00,0XC7,0X21,0X01,0X00,0X01,0X00,0X01,0X00,0X01,0X00,0X01,0X00,0X01,0X00,
C51 COMPILER V9.00   IMAGE0                                                                10/22/2014 20:51:26 PAGE 7   

 365          0X01,0X00,0X01,0X00,0X01,0X00,0X01,0X00,0X42,0X08,0X23,0X01,0X24,0X02,0XA4,0X09,
 366          0X07,0X0B,0X04,0X02,0X8A,0X34,0XED,0X3D,0XA7,0X0B,0XEA,0X0B,0X68,0X0C,0XF0,0XBF,
 367          0XEC,0X97,0XC4,0X0B,0XA2,0X01,0X03,0X01,0XCD,0X63,0XFF,0XFF,0XFF,0XFF,0XFF,0XF7,
 368          0X26,0X1A,0X46,0X1A,0XFF,0XF7,0XFF,0XFF,0XFF,0XFF,0XDB,0XCE,0X24,0X09,0X26,0X1A,
 369          0XFE,0XF7,0XFF,0XFF,0XFF,0XFF,0XFF,0XFF,0XFF,0XFF,0XFF,0XFF,0XFF,0XF7,0X50,0X7C,
 370          0X85,0X11,0X82,0X00,0X21,0X00,0X01,0X00,0X01,0X00,0X01,0X00,0X01,0X00,0X01,0X00,
 371          0X01,0X00,0X01,0X00,0X01,0X00,0X01,0X00,0X01,0X00,0X01,0X00,0X01,0X00,0X01,0X00,
 372          0X01,0X00,0X01,0X00,0XA3,0X00,0XAB,0X02,0X0D,0X05,0X4D,0X07,0X2B,0X04,0XE5,0X02,
 373          0XD2,0X5E,0X47,0X13,0XE6,0X02,0XC8,0X0B,0X6D,0X25,0XA4,0X01,0X82,0X00,0X21,0X00,
 374          0X01,0X00,0X01,0X00,0X01,0X00,0X01,0X00,0X01,0X00,0X01,0X00,0X01,0X00,0X01,0X00,
 375          0X01,0X00,0X01,0X00,0X63,0X10,0XC5,0X01,0X83,0X01,0X64,0X01,0X47,0X02,0XC7,0X02,
 376          0X06,0X03,0XCF,0X4E,0XF6,0XA7,0X8A,0X1C,0X0C,0X1D,0XEC,0X6F,0XEA,0X7F,0XCC,0X37,
 377          0X23,0X0A,0X67,0X32,0XDF,0XFF,0XFF,0XFF,0XFF,0XF7,0X8B,0X3B,0XC5,0X09,0XA5,0X09,
 378          0X99,0XBE,0XFF,0XFF,0XFF,0XFF,0XD5,0XA5,0XA7,0X22,0XFA,0XCE,0X3A,0XC7,0XFF,0XF7,
 379          0XFF,0XFF,0XFF,0XFF,0XFF,0XFF,0XFF,0XFF,0XFF,0XFF,0XFF,0XFF,0X9E,0XEF,0X89,0X3A,
 380          0XC3,0X00,0X21,0X00,0X01,0X00,0X01,0X00,0X01,0X00,0X01,0X00,0X01,0X00,0X01,0X00,
 381          0X01,0X00,0X01,0X00,0X01,0X00,0X01,0X00,0X01,0X00,0X01,0X00,0X00,0X00,0X01,0X00,
 382          0X22,0X00,0X04,0X01,0X28,0X02,0XAE,0X03,0XC8,0X02,0XC6,0X03,0XC8,0X03,0XF0,0X6F,
 383          0XF9,0XDF,0X07,0X13,0XB4,0X6F,0XC4,0X01,0XC1,0X00,0X41,0X00,0X01,0X00,0X01,0X00,
 384          0X01,0X00,0X01,0X00,0X01,0X00,0X01,0X00,0X01,0X00,0X01,0X00,0X01,0X00,0X01,0X00,
 385          0X41,0X00,0X83,0X01,0XA3,0X01,0X84,0X01,0XC6,0X01,0X46,0X02,0X89,0X03,0XCE,0X56,
 386          0XF8,0XC7,0X4B,0X2D,0XEE,0X66,0XEF,0XB7,0XEB,0X77,0X06,0X17,0X24,0X03,0XFF,0XFF,
 387          0XFF,0XFF,0XDF,0XFF,0XD9,0XBE,0XFF,0XFF,0X7D,0XDF,0X46,0X1A,0X0E,0X64,0XFF,0XFF,
 388          0XFF,0XFF,0XFF,0XF7,0X6F,0X6C,0XFF,0XFF,0XFF,0XFF,0XFF,0XF7,0XBE,0XE7,0XFF,0XFF,
 389          0XFF,0XFF,0XFF,0XFF,0XFF,0XFF,0XFF,0XFF,0XFF,0XFF,0XFF,0XFF,0X48,0X32,0X62,0X00,
 390          0X01,0X00,0X01,0X00,0X01,0X00,0X01,0X00,0X01,0X00,0X21,0X00,0X42,0X00,0X82,0X00,
 391          0XA2,0X00,0XA2,0X08,0X82,0X00,0X42,0X00,0X21,0X00,0X01,0X00,0X01,0X00,0X63,0X00,
 392          0X4A,0X0A,0XD0,0X04,0X66,0X02,0XC4,0X02,0XC4,0X02,0X86,0X13,0XAF,0X6E,0X68,0X13,
 393          0XA5,0X12,0X63,0X01,0XA2,0X00,0X21,0X00,0X01,0X00,0X01,0X00,0X01,0X00,0X01,0X00,
 394          0X01,0X00,0X01,0X00,0X01,0X00,0X01,0X00,0X01,0X00,0X01,0X00,0X22,0X00,0XE3,0X00,
 395          0X8C,0X14,0XC4,0X01,0X05,0X02,0X66,0X0A,0X2B,0X0C,0X88,0X04,0X2C,0X26,0X29,0X15,
 396          0X85,0X0D,0XA7,0X5F,0XC8,0X3F,0XCB,0X5F,0XD8,0XB6,0XFF,0XFF,0XFF,0XFF,0X5C,0XD7,
 397          0XFF,0XFF,0XFF,0XFF,0XFF,0XFF,0XAC,0X53,0XBD,0XEF,0XFF,0XFF,0XFF,0XFF,0X53,0X8D,
 398          0XDF,0XFF,0XDF,0XFF,0XFF,0XF7,0XDF,0XFF,0XDF,0XFF,0X31,0X7D,0XDF,0XF7,0XFF,0XFF,
 399          0XFF,0XFF,0XFF,0XFF,0XFF,0XFF,0XFF,0XFF,0XFF,0XF7,0X65,0X11,0X21,0X00,0X01,0X00,
 400          0X01,0X00,0X21,0X00,0X82,0X00,0X03,0X09,0XE6,0X19,0XA9,0X32,0X90,0X74,0XDA,0XCE,
 401          0XA9,0X3A,0X07,0X22,0X23,0X09,0X81,0X00,0X21,0X00,0XA3,0X00,0XA7,0X09,0XA7,0X02,
 402          0X25,0X02,0XE3,0X01,0X44,0X0A,0X4F,0X87,0XF4,0XAE,0XC3,0X01,0X64,0X01,0X04,0X01,
 403          0X42,0X00,0X01,0X00,0X01,0X00,0X01,0X00,0X01,0X00,0X01,0X00,0X01,0X00,0X01,0X00,
 404          0X01,0X00,0X01,0X00,0X01,0X00,0X01,0X00,0X42,0X00,0X02,0X01,0XC3,0X01,0X24,0X02,
 405          0X25,0X02,0X83,0X02,0XA5,0X03,0XED,0X35,0XEF,0X56,0X87,0X04,0X68,0X35,0XCA,0X7F,
 406          0XEA,0X47,0X8F,0X4D,0XFF,0XFF,0XDF,0XFF,0XFE,0XEF,0X52,0X7D,0XFF,0XFF,0XFF,0XFF,
 407          0XD5,0X9D,0XFF,0XFF,0X7C,0XDF,0XDF,0XFF,0XFF,0XFF,0XD0,0X74,0X5B,0XD7,0XFF,0XFF,
 408          0X6D,0X4C,0XFE,0XEF,0XFF,0XFF,0XFF,0XF7,0X08,0X2B,0X0E,0X6C,0XFF,0XFF,0XFF,0XFF,
 409          0XFF,0XFF,0XFF,0XFF,0XFF,0XFF,0X28,0X32,0X42,0X00,0X22,0X00,0X62,0X00,0X03,0X09,
 410          0XA9,0X3A,0XFF,0XF7,0XDF,0XFF,0XFF,0XFF,0XFF,0XFF,0XFF,0XFF,0XFF,0XFF,0XFF,0XFF,
 411          0XFF,0XFF,0XA9,0X3A,0X85,0X11,0X64,0X01,0X10,0X0E,0XAA,0X07,0X64,0X03,0X26,0X03,
 412          0X44,0X02,0XE6,0X0A,0X63,0X02,0X64,0X01,0X03,0X01,0X82,0X00,0X21,0X00,0X01,0X00,
 413          0X01,0X00,0X01,0X00,0X01,0X00,0X01,0X00,0X01,0X00,0X01,0X00,0X01,0X00,0X01,0X00,
 414          0X01,0X00,0X01,0X00,0XA2,0X00,0X23,0X01,0XAA,0X1D,0X44,0X02,0X85,0X0A,0XA7,0X1B,
 415          0XE5,0X0B,0X68,0X35,0XF9,0XF7,0X85,0X04,0XA6,0X0C,0X5A,0XBF,0XB8,0XB7,0XDF,0XFF,
 416          0XFE,0XF7,0X13,0X9D,0X46,0X1A,0X95,0XA5,0XFF,0XFF,0XFF,0XFF,0XFF,0XF7,0XFF,0XFF,
 417          0XFF,0XFF,0XFF,0XFF,0XFF,0XFF,0X1B,0XCF,0X6B,0X43,0XFF,0XFF,0XF1,0X7C,0XDE,0XF7,
 418          0XDF,0XFF,0XFF,0XFF,0X26,0X1A,0X03,0X09,0X44,0X09,0XE6,0X19,0XA9,0X3A,0X34,0X95,
 419          0X7E,0XE7,0XDF,0XF7,0X82,0X00,0XE3,0X10,0XC6,0X19,0X59,0XC6,0XFF,0XFF,0XFF,0XFF,
 420          0XFF,0XFF,0XFF,0XFF,0XFF,0XFF,0XFF,0XFF,0XDF,0XFF,0XFF,0XFF,0XFF,0XFF,0XFF,0XFF,
 421          0XBE,0XF7,0XC8,0X12,0X70,0X0C,0X8F,0X06,0XC6,0X02,0XE4,0X09,0X64,0X02,0XE3,0X02,
 422          0X48,0X13,0XA9,0X0B,0X82,0X01,0X65,0X11,0X02,0X00,0X01,0X00,0X01,0X00,0X01,0X00,
 423          0X01,0X00,0X01,0X00,0X01,0X00,0X01,0X00,0X01,0X00,0X01,0X00,0X01,0X00,0X01,0X00,
 424          0X81,0X00,0XA1,0X01,0XCB,0X2B,0XA3,0X02,0XD6,0X97,0X65,0X0B,0X4E,0X77,0X85,0X14,
 425          0X8F,0X56,0XE6,0X0B,0XE5,0X03,0XEB,0X1C,0XFE,0XE7,0X10,0X7D,0X47,0X22,0X03,0X01,
 426          0XE3,0X08,0X2B,0X4B,0XFF,0XFF,0XFF,0XFF,0XDE,0XEF,0XB1,0X74,0XFF,0XFF,0XFF,0XFF,
C51 COMPILER V9.00   IMAGE0                                                                10/22/2014 20:51:26 PAGE 8   

 427          0XFF,0XFF,0XFA,0XC6,0X06,0X12,0XDF,0XF7,0XFF,0XFF,0XE9,0X2A,0XDF,0XFF,0XFF,0XFF,
 428          0X65,0X19,0X41,0X00,0X21,0X00,0X62,0X00,0X82,0X00,0XC3,0X00,0XC3,0X08,0X82,0X00,
 429          0X18,0XBE,0X7E,0XF7,0XFF,0XFF,0XFF,0XFF,0XFF,0XFF,0XFF,0XFF,0XFF,0XFF,0XFF,0XFF,
 430          0XFF,0XFF,0XB1,0X7C,0XA9,0X32,0X47,0X2A,0X8B,0X43,0XFF,0XFF,0XFF,0XFF,0XDF,0XF7,
 431          0X92,0X1D,0XAD,0X03,0X24,0X02,0X6E,0X2C,0XC6,0X0A,0XC8,0X0C,0XF2,0XD7,0XAE,0X6F,
 432          0XB1,0X7E,0X22,0X01,0X63,0X00,0X01,0X00,0X01,0X00,0X01,0X00,0X01,0X00,0X01,0X00,
 433          0X01,0X00,0X01,0X00,0X01,0X00,0X01,0X00,0X01,0X00,0X01,0X00,0X42,0X00,0XA2,0X00,
 434          0XE2,0X01,0XA9,0X34,0X31,0X9F,0X11,0X4F,0XC7,0X24,0XFA,0XFF,0X0C,0X56,0X68,0X14,
 435          0XAD,0X35,0X67,0X04,0X2C,0X0F,0XED,0X0D,0X23,0X09,0X41,0X00,0X62,0X00,0X48,0X32,
 436          0XFF,0XFF,0XFF,0XFF,0XA8,0X2A,0X67,0X22,0XDE,0XF7,0XFF,0XFF,0XDF,0XFF,0X0B,0X43,
 437          0XE3,0X08,0XE3,0X08,0X04,0X09,0XC3,0X08,0XA5,0X19,0X65,0X19,0X82,0X00,0X21,0X00,
 438          0X01,0X00,0X01,0X00,0X01,0X00,0X01,0X00,0X01,0X00,0X01,0X00,0XA3,0X08,0XC6,0X29,
 439          0XDF,0XFF,0XFF,0XFF,0XFF,0XFF,0XFF,0XFF,0XFF,0XFF,0XFF,0XF7,0X68,0X2A,0X03,0X01,
 440          0XA2,0X00,0XA2,0X00,0X26,0X1A,0XFF,0XFF,0XFF,0XFF,0XFF,0XFF,0X30,0X47,0XCD,0X0F,
 441          0X84,0X01,0X23,0X01,0X46,0X0A,0XE4,0X0B,0XEF,0XBF,0XF0,0XC7,0X71,0XA7,0X22,0X01,
 442          0X41,0X00,0X01,0X00,0X01,0X00,0X01,0X00,0X01,0X00,0X01,0X00,0X01,0X00,0X01,0X00,
 443          0X01,0X00,0X01,0X00,0X01,0X00,0X01,0X00,0X01,0X00,0XA1,0X00,0XE5,0X02,0X44,0X03,
 444          0X28,0X25,0XA6,0X1C,0XF4,0X87,0X4F,0X4E,0XC6,0X0C,0X86,0X04,0XAE,0X46,0X07,0X04,
 445          0XC9,0X0E,0X06,0X13,0X04,0X02,0X61,0X00,0X01,0X00,0XC3,0X08,0X34,0X9D,0X58,0XBE,
 446          0X24,0X09,0X03,0X09,0XCE,0X63,0XFF,0XFF,0XDE,0XFF,0XC6,0X21,0X42,0X00,0X21,0X00,
 447          0X21,0X00,0X21,0X00,0X22,0X00,0X42,0X00,0X01,0X00,0X01,0X00,0X01,0X00,0X01,0X00,
 448          0X01,0X00,0X01,0X00,0X01,0X00,0X01,0X00,0X22,0X00,0XC2,0X00,0XC6,0X19,0X7D,0XE7,
 449          0XFF,0XFF,0XDF,0XFF,0X1B,0XCF,0XE6,0X11,0XC2,0X00,0X41,0X00,0X21,0X00,0X61,0X00,
 450          0XE6,0X19,0XFF,0XFF,0XFF,0XFF,0XFF,0XFF,0X9B,0XC7,0X45,0X03,0X22,0X01,0XE3,0X00,
 451          0X66,0X09,0X44,0X02,0XCB,0X4C,0XA4,0X0A,0X43,0X02,0XE3,0X00,0X21,0X00,0X01,0X00,
 452          0X01,0X00,0X01,0X00,0X01,0X00,0X01,0X00,0X01,0X00,0X01,0X00,0X01,0X00,0X01,0X00,
 453          0X01,0X00,0X01,0X00,0X01,0X00,0XA1,0X00,0X47,0X13,0XE5,0X0B,0X53,0X9F,0X07,0X0D,
 454          0XF4,0XAF,0X69,0X45,0X68,0X14,0X64,0X03,0X48,0X04,0X29,0X0C,0XE9,0X27,0X70,0X1F,
 455          0XE5,0X01,0X82,0X00,0X01,0X00,0X21,0X00,0X62,0X00,0X62,0X00,0X21,0X00,0X41,0X00,
 456          0X24,0X11,0X4C,0X5B,0X17,0XB6,0X82,0X08,0X21,0X00,0X01,0X00,0X01,0X00,0X01,0X00,
 457          0X01,0X00,0X01,0X00,0X01,0X00,0X01,0X00,0X01,0X00,0X01,0X00,0X01,0X00,0X01,0X00,
 458          0X01,0X00,0X01,0X00,0X21,0X00,0X83,0X00,0X03,0X01,0X06,0X1A,0XA8,0X2A,0XC8,0X2A,
 459          0XC7,0X22,0XE5,0X19,0X64,0X09,0XA2,0X00,0X41,0X00,0X61,0X00,0XE6,0X19,0XFF,0XFF,
 460          0XFF,0XFF,0XDF,0XFF,0X17,0X9E,0X22,0X01,0X82,0X00,0XE2,0X00,0X4D,0X35,0X85,0X01,
 461          0X23,0X01,0X43,0X01,0X22,0X01,0XE2,0X00,0X21,0X00,0X01,0X00,0X01,0X00,0X01,0X00,
 462          0X01,0X00,0X01,0X00,0X01,0X00,0X01,0X00,0X01,0X00,0X01,0X00,0X01,0X00,0X01,0X00,
 463          0X20,0X00,0X02,0X01,0XE5,0X03,0XD2,0X97,0X6F,0X7F,0XF7,0XB7,0XD4,0X8F,0XEF,0XAF,
 464          0XE7,0X03,0X85,0X03,0X07,0X04,0XA6,0X04,0X07,0X05,0XA5,0X03,0X46,0X02,0XE1,0X00,
 465          0X00,0X00,0X01,0X00,0X01,0X00,0X01,0X00,0X01,0X00,0X01,0X00,0X21,0X00,0X82,0X00,
 466          0X82,0X08,0X21,0X00,0X01,0X00,0X01,0X00,0X01,0X00,0X01,0X00,0X01,0X00,0X01,0X00,
 467          0X01,0X00,0X01,0X00,0X01,0X00,0X01,0X00,0X01,0X00,0X01,0X00,0X42,0X00,0XA2,0X00,
 468          0X03,0X09,0XC6,0X19,0XA8,0X32,0X73,0X8D,0X5D,0XE7,0XFF,0XFF,0XBE,0XF7,0XDF,0XFF,
 469          0XDE,0XFF,0X89,0X3A,0X03,0X11,0X82,0X00,0X06,0X22,0XFF,0XFF,0XFF,0XFF,0XFF,0XF7,
 470          0X06,0X12,0X62,0X00,0X41,0X00,0X42,0X01,0X63,0X02,0XEA,0X1A,0X03,0X01,0X03,0X01,
 471          0X73,0X55,0X82,0X00,0X01,0X00,0X01,0X00,0X01,0X00,0X01,0X00,0X01,0X00,0X01,0X00,
 472          0X01,0X00,0X01,0X00,0X01,0X00,0X01,0X00,0X01,0X00,0X01,0X00,0X01,0X00,0XE1,0X00,
 473          0X46,0X1C,0XEC,0X97,0XF3,0XAF,0X69,0X0C,0X0C,0X1D,0X86,0X0B,0X07,0X04,0XE6,0X03,
 474          0X73,0X67,0X26,0X04,0X44,0X04,0XEA,0X37,0X04,0X04,0X22,0X01,0X21,0X00,0X01,0X00,
 475          0X01,0X00,0X01,0X00,0X01,0X00,0X01,0X00,0X01,0X00,0X01,0X00,0X01,0X00,0X01,0X00,
 476          0X01,0X00,0X01,0X00,0X01,0X00,0X01,0X00,0X01,0X00,0X01,0X00,0X01,0X00,0X01,0X00,
 477          0X01,0X00,0X01,0X00,0X01,0X00,0XA3,0X08,0X85,0X19,0XC9,0X2A,0XDA,0XCE,0XBE,0XFF,
 478          0XDF,0XFF,0XFF,0XFF,0XFF,0XFF,0XFF,0XFF,0XFF,0XFF,0XFF,0XFF,0XFF,0XFF,0XFF,0XFF,
 479          0X3C,0XDF,0XE2,0X08,0X27,0X1A,0XFF,0XFF,0XFF,0XFF,0XFF,0XF7,0X64,0X09,0X41,0X00,
 480          0X62,0X00,0X26,0X02,0X05,0X02,0X04,0X02,0XA4,0X01,0XEE,0X3D,0X02,0X02,0X82,0X00,
 481          0X01,0X00,0X01,0X00,0X01,0X00,0X01,0X00,0X01,0X00,0X01,0X00,0X01,0X00,0X01,0X00,
 482          0X01,0X00,0X01,0X00,0X01,0X00,0X01,0X00,0X01,0X00,0XC1,0X00,0X27,0X03,0X88,0X2F,
 483          0XAA,0X46,0X86,0X0D,0X05,0X04,0XC6,0X13,0X50,0X5F,0X8E,0X46,0XED,0X3D,0X87,0X04,
 484          0XC5,0X04,0XE8,0X4F,0XEC,0X57,0X43,0X02,0XA1,0X00,0X21,0X00,0X01,0X00,0X01,0X00,
 485          0X01,0X00,0X01,0X00,0X01,0X00,0X01,0X00,0X01,0X00,0X01,0X00,0X01,0X00,0X01,0X00,
 486          0X01,0X00,0X01,0X00,0X01,0X00,0X01,0X00,0X01,0X00,0X01,0X00,0X01,0X00,0X01,0X00,
 487          0X01,0X00,0XC3,0X08,0XDF,0XFF,0XFF,0XFF,0XFF,0XFF,0XFF,0XFF,0XFF,0XFF,0XFF,0XFF,
 488          0XFF,0XFF,0XFF,0XFF,0XFF,0XFF,0XFF,0XFF,0XFF,0XFF,0XFF,0XFF,0XBE,0XEF,0X03,0X09,
C51 COMPILER V9.00   IMAGE0                                                                10/22/2014 20:51:26 PAGE 9   

 489          0X26,0X1A,0XFF,0XFF,0XFF,0XFF,0XFF,0XFF,0X64,0X11,0X62,0X00,0X03,0X01,0X65,0X02,
 490          0XB0,0X3D,0XE3,0X01,0X28,0X0C,0X0F,0X4F,0X64,0X01,0XA2,0X00,0X22,0X00,0X01,0X00,
 491          0X01,0X00,0X01,0X00,0X01,0X00,0X01,0X00,0X01,0X00,0X01,0X00,0X01,0X00,0X01,0X00,
 492          0X01,0X00,0X01,0X00,0X01,0X00,0X41,0X00,0XA2,0X01,0XCF,0X77,0X25,0X25,0XAD,0X67,
 493          0X44,0X0C,0XD0,0X9F,0XF8,0XDF,0XF7,0XE7,0XF5,0XCF,0XC9,0X15,0XEE,0X3E,0XB0,0X4F,
 494          0X69,0X3F,0X0B,0X1E,0X41,0X01,0X20,0X00,0X01,0X00,0X01,0X00,0X01,0X00,0X01,0X00,
 495          0X01,0X00,0X01,0X00,0X01,0X00,0X01,0X00,0X01,0X00,0X01,0X00,0X01,0X00,0X01,0X00,
 496          0X01,0X00,0X01,0X00,0X01,0X00,0X01,0X00,0X01,0X00,0X01,0X00,0X01,0X00,0X82,0X00,
 497          0X55,0X9D,0XFF,0XFF,0XFF,0XFF,0XFF,0XFF,0XFF,0XFF,0XFF,0XFF,0XDF,0XFF,0XFF,0XFF,
 498          0X1B,0XD7,0X0A,0X3B,0X67,0X2A,0XA5,0X11,0XC3,0X08,0X81,0X00,0X06,0X22,0XFF,0XFF,
 499          0XFF,0XFF,0XFF,0XFF,0XC6,0X11,0XA3,0X00,0X63,0X01,0XE6,0X13,0XE6,0X02,0XA3,0X01,
 500          0XA3,0X01,0X8E,0X2D,0X44,0X01,0XCB,0X2A,0X62,0X00,0X01,0X00,0X01,0X00,0X01,0X00,
 501          0X01,0X00,0X01,0X00,0X01,0X00,0X01,0X00,0X01,0X00,0X01,0X00,0X01,0X00,0X01,0X00,
 502          0X01,0X00,0X01,0X00,0XE1,0X00,0XC3,0X02,0XEF,0X9F,0XF3,0XBF,0XF3,0XB7,0XE6,0X14,
 503          0X0C,0X2F,0XEE,0X5F,0XF5,0X9F,0XF6,0X87,0XE9,0X0C,0X0E,0X06,0XA9,0X1E,0XEA,0X3F,
 504          0X83,0X02,0XA1,0X00,0X00,0X00,0X01,0X00,0X01,0X00,0X01,0X00,0X01,0X00,0X01,0X00,
 505          0X01,0X00,0X01,0X00,0X01,0X00,0X01,0X00,0X01,0X00,0X01,0X00,0X01,0X00,0X01,0X00,
 506          0X01,0X00,0X01,0X00,0X01,0X00,0X01,0X00,0X01,0X00,0X21,0X00,0X24,0X09,0X0A,0X4B,
 507          0XFF,0XF7,0XDF,0XFF,0XFF,0XFF,0XFF,0XF7,0X4A,0X43,0XA7,0X22,0XE5,0X11,0X23,0X09,
 508          0XC2,0X00,0X62,0X00,0X21,0X00,0X61,0X00,0X27,0X1A,0XFF,0XFF,0XFF,0XFF,0XFF,0XFF,
 509          0X07,0X1A,0XE3,0X00,0XA4,0X01,0X66,0X02,0XA2,0X02,0XE4,0X01,0X04,0X02,0XE6,0X0A,
 510          0X04,0X01,0XE4,0X08,0X41,0X00,0X01,0X00,0X01,0X00,0X01,0X00,0X01,0X00,0X01,0X00,
 511          0X01,0X00,0X01,0X00,0X01,0X00,0X01,0X00,0X01,0X00,0X01,0X00,0X01,0X00,0X01,0X00,
 512          0X41,0X00,0XE4,0X01,0XA7,0X24,0XC5,0X14,0X2F,0X6F,0XE5,0X14,0X6B,0X1E,0XD3,0X9F,
 513          0X0B,0X36,0X67,0X0C,0XCC,0X45,0X0D,0X1E,0XCD,0X5F,0XA7,0X0E,0X0A,0X2E,0X61,0X01,
 514          0X41,0X00,0X01,0X00,0X01,0X00,0X01,0X00,0X01,0X00,0X01,0X00,0X01,0X00,0X01,0X00,
 515          0X01,0X00,0X01,0X00,0X01,0X00,0X01,0X00,0X01,0X00,0X01,0X00,0X01,0X00,0X01,0X00,
 516          0X01,0X00,0X01,0X00,0X01,0X00,0X01,0X00,0X82,0X00,0X06,0X22,0XDE,0XEF,0X6B,0X43,
 517          0X4A,0X33,0X6A,0X3B,0XAC,0X53,0X3B,0XCF,0XEE,0X63,0XC8,0X32,0XA5,0X11,0XC3,0X08,
 518          0X61,0X00,0X82,0X00,0XA8,0X12,0XFF,0XF7,0XFF,0XFF,0XFF,0XFF,0X87,0X22,0X63,0X01,
 519          0XE5,0X02,0XAE,0X3D,0X09,0X1D,0X84,0X02,0XA6,0X02,0XEB,0X2B,0X03,0X01,0XA5,0X01,
 520          0X62,0X00,0X01,0X00,0X01,0X00,0X01,0X00,0X01,0X00,0X01,0X00,0X01,0X00,0X01,0X00,
 521          0X01,0X00,0X01,0X00,0X01,0X00,0X01,0X00,0X01,0X00,0X01,0X00,0X00,0X00,0XC1,0X00,
 522          0X43,0X02,0XAA,0X5E,0XA9,0X2D,0X06,0X05,0XCB,0X16,0XC6,0X04,0X86,0X04,0X6C,0X25,
 523          0X48,0X04,0XEC,0X57,0X48,0X05,0X8C,0X27,0XE6,0X04,0X40,0X02,0XA1,0X00,0X01,0X00,
 524          0X01,0X00,0X01,0X00,0X01,0X00,0X01,0X00,0X01,0X00,0X01,0X00,0X01,0X00,0X01,0X00,
 525          0X01,0X00,0X01,0X00,0X01,0X00,0X01,0X00,0X01,0X00,0X01,0X00,0X01,0X00,0X01,0X00,
 526          0X01,0X00,0X01,0X00,0XC2,0X00,0XDA,0XC6,0XFF,0XFF,0XCC,0X4B,0X5C,0XDF,0XFF,0XFF,
 527          0XFF,0XFF,0XFF,0XFF,0XFF,0XFF,0XDF,0XFF,0XFF,0XFF,0X89,0X32,0X65,0X11,0X03,0X01,
 528          0XC8,0X1A,0XFF,0XFF,0XFF,0XFF,0XFF,0XFF,0X4A,0X23,0X67,0X0A,0X65,0X02,0X25,0X03,
 529          0X29,0X14,0X49,0X1C,0XD2,0X6F,0XC4,0X01,0XE6,0X09,0X62,0X00,0X21,0X00,0X01,0X00,
 530          0X01,0X00,0X01,0X00,0X01,0X00,0X01,0X00,0X01,0X00,0X01,0X00,0X01,0X00,0X01,0X00,
 531          0X01,0X00,0X01,0X00,0X01,0X00,0X01,0X00,0X01,0X00,0X41,0X00,0XA2,0X01,0X04,0X05,
 532          0X4C,0X3E,0XEE,0X87,0X65,0X03,0X07,0X04,0XC6,0X14,0X28,0X0D,0XB3,0X87,0X2A,0X25,
 533          0X8A,0X15,0X29,0X05,0X04,0X04,0XCA,0X0F,0X22,0X09,0X41,0X00,0X01,0X00,0X01,0X00,
 534          0X01,0X00,0X01,0X00,0X01,0X00,0X01,0X00,0X01,0X00,0X01,0X00,0X01,0X00,0X01,0X00,
 535          0X01,0X00,0X01,0X00,0X01,0X00,0X01,0X00,0X01,0X00,0X01,0X00,0X01,0X00,0X01,0X00,
 536          0X23,0X09,0XDF,0XFF,0XFF,0XFF,0XFF,0XFF,0XFF,0XFF,0XFF,0XFF,0XFF,0XFF,0XFF,0XFF,
 537          0XFF,0XFF,0XFF,0XFF,0XFF,0XFF,0XFF,0XFF,0XFF,0XFF,0X66,0X12,0X10,0X45,0XFF,0XFF,
 538          0XFF,0XFF,0XFF,0XFF,0X0C,0X34,0X85,0X03,0X24,0X04,0X69,0X25,0X86,0X14,0X85,0X0C,
 539          0X45,0X03,0XE3,0X01,0X89,0X1B,0X41,0X00,0X01,0X00,0X01,0X00,0X01,0X00,0X01,0X00,
 540          0X01,0X00,0X01,0X00,0X01,0X00,0X01,0X00,0X01,0X00,0X01,0X00,0X01,0X00,0X01,0X00,
 541          0X01,0X00,0X01,0X00,0X01,0X00,0X01,0X00,0X02,0X01,0X04,0X03,0X90,0X77,0X05,0X0C,
 542          0X04,0X03,0X04,0X03,0X87,0X36,0X67,0X0D,0XD0,0X6F,0X4A,0X46,0XE5,0X04,0XC8,0X15,
 543          0X89,0X04,0X25,0X03,0XE3,0X01,0XC2,0X00,0X61,0X00,0X01,0X00,0X01,0X00,0X01,0X00,
 544          0X01,0X00,0X01,0X00,0X01,0X00,0X01,0X00,0X01,0X00,0X01,0X00,0X01,0X00,0X01,0X00,
 545          0X01,0X00,0X01,0X00,0X01,0X00,0X01,0X00,0X01,0X00,0X21,0X00,0XA5,0X19,0XFF,0XFF,
 546          0XFF,0XFF,0XFF,0XFF,0XDF,0XFF,0XDF,0XFF,0X7C,0XCF,0X71,0X65,0XFF,0XFF,0XFF,0XFF,
 547          0XFF,0XFF,0XFF,0XFF,0XFF,0XFF,0X5A,0XBF,0XAA,0X2B,0XFF,0XFF,0XFF,0XFF,0XFF,0XFF,
 548          0XB7,0XB7,0X6B,0X2F,0XED,0XAF,0XED,0XAF,0XF2,0XD7,0XF4,0XEF,0X27,0X14,0XC4,0X01,
 549          0XA1,0X00,0X01,0X00,0X01,0X00,0X01,0X00,0X01,0X00,0X01,0X00,0X01,0X00,0X01,0X00,
 550          0X01,0X00,0X01,0X00,0X01,0X00,0X01,0X00,0X01,0X00,0X01,0X00,0X01,0X00,0X01,0X00,
C51 COMPILER V9.00   IMAGE0                                                                10/22/2014 20:51:26 PAGE 10  

 551          0X01,0X00,0X01,0X00,0XA1,0X00,0X84,0X02,0XF0,0X9F,0XE5,0X03,0XC3,0X02,0X23,0X02,
 552          0X2F,0X87,0X6F,0X9F,0X4A,0X2E,0X25,0X15,0XEA,0X25,0XAF,0X4F,0XCA,0X2E,0XEE,0X87,
 553          0X04,0X03,0XC9,0X0B,0X83,0X01,0X81,0X00,0X21,0X00,0X01,0X00,0X01,0X00,0X01,0X00,
 554          0X01,0X00,0X01,0X00,0X01,0X00,0X01,0X00,0X01,0X00,0X01,0X00,0X01,0X00,0X01,0X00,
 555          0X01,0X00,0X01,0X00,0X01,0X00,0X21,0X00,0XA5,0X19,0XFF,0XFF,0XFF,0XFF,0X15,0X96,
 556          0XCB,0X43,0X0C,0X34,0X98,0XB6,0XDF,0XFF,0XFF,0XFF,0XFF,0XFF,0XFF,0XFF,0XFF,0XFF,
 557          0XDC,0XF7,0XF0,0X35,0X89,0X23,0XFF,0XFF,0XFF,0XFF,0XFF,0XFF,0XB7,0XBF,0XC8,0X37,
 558          0XED,0X7F,0XD2,0XCF,0XFB,0XFF,0XF8,0XF7,0X8D,0X4E,0XA2,0X01,0X82,0X00,0X01,0X00,
 559          0X01,0X00,0X01,0X00,0X01,0X00,0X01,0X00,0X01,0X00,0X01,0X00,0X01,0X00,0X01,0X00,
 560          0X01,0X00,0X01,0X00,0X01,0X00,0X01,0X00,0X01,0X00,0X01,0X00,0X01,0X00,0X01,0X00,
 561          0X41,0X00,0X62,0X09,0XC5,0X03,0X6A,0X45,0X63,0X02,0X04,0X02,0X84,0X0A,0X06,0X0C,
 562          0X27,0X25,0X8B,0X3D,0X4B,0X46,0XF1,0X8F,0X69,0X2E,0X8D,0X4E,0X8E,0X5F,0X84,0X03,
 563          0XEA,0X2F,0X04,0X02,0XE1,0X00,0X21,0X00,0X01,0X00,0X01,0X00,0X01,0X00,0X01,0X00,
 564          0X01,0X00,0X01,0X00,0X01,0X00,0X01,0X00,0X01,0X00,0X01,0X00,0X01,0X00,0X01,0X00,
 565          0X01,0X00,0X01,0X00,0X24,0X11,0XDF,0XF7,0XFF,0XFF,0XFE,0XF7,0XA9,0X2B,0XDD,0XE7,
 566          0XFF,0XFF,0XFF,0XFF,0XFF,0XFF,0XFF,0XFF,0XFF,0XFF,0XB9,0XAF,0X49,0X15,0X25,0X03,
 567          0X48,0X1B,0XFF,0XF7,0XFF,0XFF,0XFF,0XFF,0XFA,0XDF,0XCE,0XA7,0XED,0XB7,0XF8,0XFF,
 568          0XF7,0XFF,0XD4,0XDF,0X8F,0X66,0X42,0X09,0X21,0X00,0X01,0X00,0X01,0X00,0X01,0X00,
 569          0X01,0X00,0X01,0X00,0X01,0X00,0X01,0X00,0X01,0X00,0X01,0X00,0X01,0X00,0X01,0X00,
 570          0X01,0X00,0X01,0X00,0X01,0X00,0X01,0X00,0X01,0X00,0X01,0X00,0X01,0X00,0XC1,0X00,
 571          0X66,0X0B,0XCB,0X35,0X42,0X03,0X04,0X0A,0X84,0X0A,0X0B,0X04,0XEB,0X15,0XD7,0XDF,
 572          0XF7,0XE7,0X10,0X77,0X88,0X15,0X10,0X5F,0XF0,0X67,0X2D,0X3F,0X4F,0X1F,0XAD,0X37,
 573          0XC4,0X02,0X20,0X01,0X81,0X00,0X41,0X00,0X01,0X00,0X01,0X00,0X01,0X00,0X01,0X00,
 574          0X00,0X00,0X01,0X00,0X01,0X00,0X01,0X00,0X01,0X00,0X01,0X00,0X01,0X00,0X01,0X00,
 575          0XC2,0X00,0X17,0XAE,0XFF,0XFF,0XFF,0XFF,0XFF,0XFF,0XFF,0XFF,0XFF,0XFF,0XFF,0XFF,
 576          0XFF,0XFF,0XFF,0XF7,0X55,0X8F,0XEB,0X6F,0X89,0X05,0X4F,0X5E,0XEB,0X33,0XFF,0XFF,
 577          0XFF,0XFF,0XFF,0XFF,0XF7,0XAE,0XF2,0XAF,0X4E,0X57,0XEF,0XB7,0XAC,0X56,0X04,0X24,
 578          0X62,0X0A,0X81,0X00,0X01,0X00,0X01,0X00,0X01,0X00,0X01,0X00,0X01,0X00,0X01,0X00,
 579          0X01,0X00,0X01,0X00,0X01,0X00,0X01,0X00,0X01,0X00,0X01,0X00,0X01,0X00,0X01,0X00,
 580          0X01,0X00,0X01,0X00,0X01,0X00,0X01,0X00,0X01,0X00,0X41,0X08,0X62,0X01,0X03,0X04,
 581          0XF1,0XCF,0X43,0X13,0X2C,0X4E,0XD1,0X8F,0X6C,0X3E,0X6C,0X1D,0XF3,0X97,0X68,0X15,
 582          0XC5,0X14,0X47,0X04,0X45,0X03,0X04,0X03,0X26,0X03,0XA5,0X02,0XA6,0X02,0X4C,0X56,
 583          0X20,0X02,0X41,0X01,0XA1,0X00,0X41,0X00,0X01,0X00,0X01,0X00,0X00,0X00,0X01,0X00,
 584          0X01,0X00,0X01,0X00,0X01,0X00,0X01,0X00,0X01,0X00,0X00,0X00,0X61,0X00,0X07,0X22,
 585          0XFF,0XFF,0XFF,0XFF,0XFF,0XFF,0XFF,0XFF,0XFF,0XFF,0XFF,0XFF,0XFF,0XFF,0XFF,0XF7,
 586          0XBF,0XFF,0XEC,0X67,0XAA,0X06,0X45,0X0C,0X76,0X96,0XFF,0XFF,0XFF,0XFF,0XFF,0XFF,
 587          0XBD,0XE7,0XC7,0X24,0X44,0X0B,0X44,0X03,0XF0,0X57,0XC1,0X01,0XC2,0X00,0X21,0X00,
 588          0X01,0X00,0X01,0X00,0X01,0X00,0X01,0X00,0X01,0X00,0X01,0X00,0X01,0X00,0X01,0X00,
 589          0X01,0X00,0X01,0X00,0X01,0X00,0X01,0X00,0X01,0X00,0X01,0X00,0X01,0X00,0X01,0X00,
 590          0X01,0X00,0X01,0X00,0X01,0X00,0X01,0X00,0X21,0X01,0X6E,0X76,0XEF,0XB7,0XF0,0X87,
 591          0X63,0X0B,0XF7,0XD7,0X10,0X5F,0X8F,0X26,0X8E,0X47,0X47,0X1D,0X0A,0X1E,0X46,0X0C,
 592          0X65,0X03,0X69,0X1C,0X88,0X1C,0XC4,0X02,0XC6,0X03,0XAC,0X37,0X46,0X05,0XAD,0X4E,
 593          0X21,0X02,0X61,0X01,0XA1,0X00,0X41,0X00,0X01,0X00,0X01,0X00,0X01,0X00,0X01,0X00,
 594          0X00,0X00,0X01,0X00,0X01,0X00,0X21,0X00,0X41,0X00,0X84,0X11,0XFF,0XFF,0XFF,0XFF,
 595          0XFF,0XFF,0XFF,0XFF,0XDF,0XFF,0XFE,0XE7,0XB0,0X3F,0X8D,0X37,0XEB,0X37,0XEE,0X8F,
 596          0XA3,0X0C,0X30,0X7F,0XFF,0XF7,0XFF,0XFF,0XFF,0XFF,0XFF,0XFF,0X1A,0XC7,0XC7,0X0A,
 597          0XA4,0X01,0X62,0X01,0X41,0X01,0XA2,0X00,0X21,0X00,0X01,0X00,0X01,0X00,0X01,0X00,
 598          0X01,0X00,0X01,0X00,0X01,0X00,0X01,0X00,0X01,0X00,0X01,0X00,0X01,0X00,0X01,0X00,
 599          0X01,0X00,0X01,0X00,0X01,0X00,0X01,0X00,0X01,0X00,0X01,0X00,0X01,0X00,0X01,0X00,
 600          0X01,0X00,0X01,0X00,0XA1,0X00,0XA3,0X02,0XF3,0XDF,0XC5,0X0B,0X4D,0X3E,0XE6,0X03,
 601          0XB2,0X9F,0X88,0X35,0XF5,0XCF,0XC4,0X14,0XB4,0X9F,0XC6,0X1C,0X8E,0X5E,0X8B,0X1D,
 602          0X85,0X04,0X86,0X03,0XA5,0X02,0XE6,0X13,0XA9,0X03,0XED,0X77,0X07,0X26,0XEB,0X77,
 603          0XE6,0X12,0X02,0X01,0XA2,0X00,0XC1,0X00,0XC0,0X00,0XA1,0X00,0X82,0X00,0X81,0X00,
 604          0XC2,0X00,0X22,0X01,0X42,0X01,0X82,0X01,0XC6,0X12,0XFE,0XF7,0XDF,0XF7,0X8D,0X3C,
 605          0XE9,0X1B,0XA6,0X0B,0XE7,0X0D,0XCC,0X4F,0X2A,0X3F,0X07,0X05,0X67,0X04,0X4C,0X3D,
 606          0XFF,0XFF,0XFF,0XFF,0XFF,0XFF,0XFF,0XFF,0XB8,0XAE,0X45,0X02,0X44,0X01,0XA2,0X00,
 607          0X42,0X00,0X01,0X00,0X00,0X00,0X01,0X00,0X01,0X00,0X01,0X00,0X01,0X00,0X01,0X00,
 608          0X01,0X00,0X01,0X00,0X01,0X00,0X01,0X00,0X01,0X00,0X01,0X00,0X01,0X00,0X01,0X00,
 609          0X01,0X00,0X01,0X00,0X01,0X00,0X01,0X00,0X01,0X00,0X01,0X00,0X01,0X00,0X01,0X00,
 610          0X21,0X00,0X02,0X01,0X02,0X02,0X2F,0X4E,0XD0,0X6F,0X05,0X1C,0X05,0X14,0XD2,0XAF,
 611          0X0B,0X1D,0X31,0X67,0X68,0X2D,0XAA,0X2D,0XE7,0X14,0XF4,0X97,0X66,0X0C,0X2A,0X14,
 612          0XF1,0X66,0X26,0X03,0X64,0X03,0X6B,0X2D,0X49,0X1D,0X28,0X06,0X26,0X03,0X05,0X02,
C51 COMPILER V9.00   IMAGE0                                                                10/22/2014 20:51:26 PAGE 11  

 613          0X28,0X03,0X47,0X0C,0X09,0X1D,0XA7,0X04,0X62,0X01,0X83,0X01,0X2A,0X15,0X4A,0X1F,
 614          0XE9,0X03,0X4C,0X17,0XE4,0X02,0X6B,0X17,0X50,0X37,0XA7,0X12,0XE4,0X01,0X44,0X02,
 615          0X29,0X0C,0X2C,0X46,0X24,0X04,0X88,0X04,0XE9,0X1C,0XDE,0XEF,0XFF,0XFF,0XFF,0XFF,
 616          0XFF,0XFF,0XFF,0XFF,0XCB,0X33,0X64,0X01,0X62,0X00,0X21,0X00,0X01,0X00,0X01,0X00,
 617          0X01,0X00,0X01,0X00,0X01,0X00,0X01,0X00,0X01,0X00,0X01,0X00,0X01,0X00,0X01,0X00,
 618          0X01,0X00,0X01,0X00,0X01,0X00,0X01,0X00,0X01,0X00,0X01,0X00,0X01,0X00,0X01,0X00,
 619          0X01,0X00,0X01,0X00,0X01,0X00,0X01,0X00,0X01,0X00,0X01,0X00,0X01,0X00,0X41,0X00,
 620          0XA1,0X00,0X62,0X01,0X25,0X02,0X87,0X2D,0X44,0X14,0X4A,0X45,0X05,0X03,0X06,0X14,
 621          0XCB,0X1D,0X43,0X0C,0X27,0X15,0XEE,0X57,0XE5,0X03,0X08,0X04,0X67,0X0B,0XC8,0X13,
 622          0XAC,0X45,0X25,0X04,0XA5,0X03,0X45,0X03,0XC6,0X0A,0X6C,0X0C,0XC7,0X0A,0X49,0X0C,
 623          0XC3,0X01,0X83,0X01,0XC6,0X02,0X49,0X0C,0X23,0X03,0XA3,0X02,0X8D,0X2D,0XB0,0X5F,
 624          0XA3,0X02,0XA2,0X02,0X62,0X02,0X25,0X02,0X4A,0X1B,0X67,0X02,0X65,0X03,0XC8,0X24,
 625          0X71,0X67,0X4E,0X47,0XFC,0XEF,0XFF,0XFF,0XFF,0XFF,0XFF,0XFF,0XFF,0XFF,0XBF,0XF7,
 626          0X07,0X13,0X43,0X01,0X42,0X00,0X01,0X00,0X01,0X00,0X01,0X00,0X01,0X00,0X01,0X00,
 627          0X01,0X00,0X01,0X00,0X01,0X00,0X01,0X00,0X01,0X00,0X01,0X00,0X01,0X00,0X01,0X00,
 628          0X01,0X00,0X01,0X00,0X01,0X00,0X01,0X00,0X01,0X00,0X01,0X00,0X01,0X00,0X01,0X00,
 629          0X01,0X00,0X01,0X00,0X01,0X00,0X01,0X00,0X01,0X00,0X01,0X00,0X01,0X00,0X61,0X00,
 630          0X21,0X01,0XA2,0X02,0XF3,0XA7,0X2F,0X4F,0X83,0X02,0XA3,0X02,0XA4,0X03,0X8F,0X4E,
 631          0X87,0X04,0X0C,0X2F,0XE7,0X0C,0X0B,0X35,0XF7,0XCF,0XF7,0XC7,0XF6,0XB7,0XA9,0X04,
 632          0XC7,0X03,0X96,0X67,0XA6,0X03,0X65,0X13,0X05,0X03,0X47,0X02,0XA4,0X01,0X84,0X01,
 633          0XE4,0X01,0X45,0X02,0XC4,0X02,0XA3,0X02,0X63,0X02,0XC4,0X02,0X24,0X03,0XF2,0X7F,
 634          0X06,0X03,0X83,0X02,0XFD,0XDF,0XD5,0X77,0X2F,0X6F,0XE8,0X1C,0X70,0X5E,0XFE,0XF7,
 635          0XFF,0XFF,0XFF,0XFF,0XFF,0XFF,0XFF,0XFF,0XFF,0XFF,0X2A,0X3C,0XA4,0X09,0X62,0X00,
 636          0X21,0X00,0X01,0X00,0X01,0X00,0X01,0X00,0X01,0X00,0X01,0X00,0X01,0X00,0X01,0X00,
 637          0X01,0X00,0X01,0X00,0X01,0X00,0X01,0X00,0X01,0X00,0X01,0X00,0X01,0X00,0X01,0X00,
 638          0X01,0X00,0X01,0X00,0X01,0X00,0X01,0X00,0X01,0X00,0X01,0X00,0X01,0X00,0X01,0X00,
 639          0X01,0X00,0X01,0X00,0X01,0X00,0X01,0X00,0X01,0X00,0X01,0X00,0X61,0X00,0X62,0X01,
 640          0X6F,0X4F,0X69,0X26,0X71,0X5E,0XC5,0X02,0X2A,0X15,0XF7,0XD7,0X06,0X14,0XEB,0X1C,
 641          0X07,0X0C,0XF5,0XBF,0XF5,0XDF,0X71,0X87,0X2D,0X5E,0XF7,0XC7,0X4C,0X35,0X28,0X0C,
 642          0X4B,0X2D,0X87,0X3D,0X69,0X66,0X26,0X0B,0X64,0X02,0XA6,0X0B,0X8E,0X3D,0X06,0X03,
 643          0X09,0X14,0XEB,0X34,0XD2,0X9F,0X44,0X03,0XC7,0X13,0XAD,0X2E,0XD1,0X7F,0XD0,0X67,
 644          0X49,0X1C,0XDF,0XF7,0XFD,0XF7,0XDD,0XF7,0XFF,0XFF,0XFF,0XFF,0XFF,0XFF,0XFF,0XFF,
 645          0XFF,0XFF,0XFF,0XFF,0X8B,0X44,0X85,0X0B,0X02,0X01,0X21,0X00,0X00,0X00,0X01,0X00,
 646          0X01,0X00,0X01,0X00,0X01,0X00,0X01,0X00,0X01,0X00,0X01,0X00,0X01,0X00,0X01,0X00,
 647          0X01,0X00,0X01,0X00,0X01,0X00,0X01,0X00,0X01,0X00,0X01,0X00,0X01,0X00,0X01,0X00,
 648          0X01,0X00,0X01,0X00,0X01,0X00,0X01,0X00,0X01,0X00,0X01,0X00,0X01,0X00,0X01,0X00,
 649          0X01,0X00,0X01,0X00,0X01,0X00,0X01,0X00,0X01,0X00,0X81,0X00,0X62,0X01,0X63,0X01,
 650          0XA2,0X01,0XD1,0X4F,0X05,0X03,0X45,0X0B,0X87,0X03,0XCA,0X44,0XA7,0X0B,0X4E,0X57,
 651          0X8E,0X66,0XC6,0X0C,0XCA,0X25,0XB1,0X8F,0X87,0X0C,0XAB,0X3D,0XF6,0XDF,0XF2,0XE7,
 652          0XCF,0X9F,0X66,0X1C,0X85,0X13,0XF2,0X9F,0X6E,0X4E,0X66,0X03,0X27,0X14,0X8E,0X9F,
 653          0X26,0X1C,0X48,0X25,0XEE,0X5D,0X8E,0X9F,0X05,0X2D,0X88,0X0D,0XF4,0XAF,0X8C,0X25,
 654          0XDF,0XFF,0XFF,0XFF,0XFF,0XFF,0XFF,0XFF,0XFF,0XFF,0XDF,0XFF,0X14,0X9E,0X30,0X4F,
 655          0X46,0X04,0XC4,0X02,0XA2,0X00,0X01,0X00,0X00,0X00,0X01,0X00,0X01,0X00,0X01,0X00,
 656          0X01,0X00,0X01,0X00,0X01,0X00,0X01,0X00,0X01,0X00,0X01,0X00,0X01,0X00,0X01,0X00,
 657          0X01,0X00,0X01,0X00,0X01,0X00,0X01,0X00,0X01,0X00,0X01,0X00,0X01,0X00,0X01,0X00,
 658          0X01,0X00,0X01,0X00,0X01,0X00,0X01,0X00,0X01,0X00,0X01,0X00,0X01,0X00,0X01,0X00,
 659          0X01,0X00,0X01,0X00,0X01,0X00,0X00,0X00,0X41,0X00,0X61,0X00,0XA1,0X00,0XA3,0X01,
 660          0XD4,0X8F,0XA5,0X02,0XCF,0X4D,0X32,0X5F,0X72,0X7E,0XC6,0X0B,0X06,0X04,0X72,0X5F,
 661          0XCB,0X47,0XE4,0X03,0X2E,0X3E,0XCB,0X35,0XAD,0X87,0XF3,0XCF,0XEA,0X56,0X4E,0X8F,
 662          0XA5,0X24,0X86,0X1C,0X05,0X04,0XE8,0X14,0X86,0X1C,0XF2,0XA7,0X06,0X15,0XC5,0X0C,
 663          0XF4,0XC7,0XF5,0XD7,0XF1,0X9F,0XA5,0X0C,0XC6,0X0C,0XB1,0X6F,0X6A,0X1D,0X2E,0X55,
 664          0XFD,0XD7,0XDD,0XDF,0X96,0XA6,0X2A,0X3D,0XF5,0XC7,0XC9,0X37,0XCF,0X47,0X04,0X02,
 665          0X81,0X00,0X01,0X00,0X01,0X00,0X01,0X00,0X01,0X00,0X01,0X00,0X01,0X00,0X01,0X00,
 666          0X01,0X00,0X01,0X00,0X01,0X00,0X01,0X00,0X01,0X00,0X01,0X00,0X01,0X00,0X01,0X00,
 667          0X01,0X00,0X01,0X00,0X01,0X00,0X01,0X00,0X01,0X00,0X01,0X00,0X01,0X00,0X01,0X00,
 668          0X01,0X00,0X01,0X00,0X01,0X00,0X01,0X00,0X01,0X00,0X01,0X00,0X01,0X00,0X01,0X00,
 669          0X01,0X00,0X01,0X00,0X01,0X00,0X01,0X00,0X21,0X00,0X82,0X00,0X42,0X01,0X09,0X2D,
 670          0X0B,0X35,0X84,0X0A,0X26,0X03,0X2A,0X0C,0X72,0X77,0XC7,0X14,0XE8,0X3D,0XE6,0X03,
 671          0X88,0X03,0XC5,0X0B,0X10,0X7F,0X33,0X87,0XF3,0XBF,0X6D,0X3E,0XCD,0X26,0X28,0X0D,
 672          0X26,0X04,0XF4,0XA7,0XF1,0XA7,0XB1,0X67,0X2B,0X66,0X0B,0X46,0XE4,0X14,0X07,0X15,
 673          0XCD,0X7F,0X26,0X15,0X06,0X15,0XE9,0X4D,0X52,0X87,0X6D,0X5E,0XF2,0X97,0XAA,0X3D,
 674          0X92,0X9F,0XF6,0XF7,0XD0,0XBF,0XF1,0X97,0X28,0X03,0X02,0X01,0X21,0X00,0X01,0X00,
C51 COMPILER V9.00   IMAGE0                                                                10/22/2014 20:51:26 PAGE 12  

 675          0X01,0X00,0X01,0X00,0X01,0X00,0X01,0X00,0X01,0X00,0X01,0X00,0X01,0X00,0X01,0X00,
 676          0X01,0X00,0X01,0X00,0X01,0X00,0X01,0X00,0X01,0X00,0X01,0X00,0X01,0X00,0X01,0X00,
 677          0X01,0X00,0X01,0X00,0X01,0X00,0X01,0X00,0X01,0X00,0X01,0X00,0X01,0X00,0X01,0X00,
 678          0X01,0X00,0X01,0X00,0X01,0X00,0X01,0X00,0X01,0X00,0X01,0X00,0X01,0X00,0X01,0X00,
 679          0X01,0X00,0X01,0X00,0X00,0X00,0X21,0X00,0X82,0X00,0X02,0X01,0XC3,0X01,0XA9,0X24,
 680          0X0E,0X6E,0XA5,0X13,0X48,0X0C,0XF4,0XA7,0X8E,0X77,0XF1,0X77,0X4C,0X25,0X26,0X03,
 681          0XA4,0X1B,0X4C,0X66,0XEE,0X7F,0XA9,0X04,0XED,0X8F,0XC5,0X03,0XA8,0X0C,0XD1,0X6F,
 682          0X65,0X15,0X68,0X04,0X90,0X3F,0X45,0X04,0X4F,0X47,0X62,0X0C,0X64,0X04,0X48,0X05,
 683          0XE5,0X0B,0XB0,0X8F,0XF3,0XC7,0X66,0X14,0XEA,0X55,0XF4,0XE7,0XF0,0XD7,0XAB,0X7F,
 684          0XAE,0X5F,0X07,0X0C,0X43,0X01,0X41,0X00,0X01,0X00,0X01,0X00,0X01,0X00,0X01,0X00,
 685          0X01,0X00,0X01,0X00,0X01,0X00,0X01,0X00,0X01,0X00,0X01,0X00,0X01,0X00,0X01,0X00,
 686          0X01,0X00,0X01,0X00,0X01,0X00,0X01,0X00,0X01,0X00,0X01,0X00,0X01,0X00,0X01,0X00,
 687          0X01,0X00,0X01,0X00,0X01,0X00,0X01,0X00,0X01,0X00,0X01,0X00,0X01,0X00,0X01,0X00,
 688          0X01,0X00,0X01,0X00,0X01,0X00,0X01,0X00,0X01,0X00,0X01,0X00,0X01,0X00,0X01,0X00,
 689          0X01,0X00,0X01,0X00,0X01,0X00,0X41,0X00,0X41,0X01,0XAC,0X26,0XF5,0XF7,0XF7,0XCF,
 690          0XA7,0X1C,0X05,0X03,0XA5,0X03,0X64,0X03,0X4C,0X2D,0X86,0X03,0X91,0X56,0XF3,0XBF,
 691          0X4F,0X4F,0X0D,0X3E,0X27,0X03,0XA5,0X03,0X42,0X03,0X45,0X04,0X25,0X04,0X43,0X03,
 692          0XE6,0X03,0X8F,0X36,0XF4,0XB7,0XED,0X87,0XEC,0X4F,0XE6,0X03,0X24,0X0B,0X84,0X03,
 693          0X4A,0X15,0XA4,0X02,0X45,0X1B,0XF0,0X97,0XA9,0X55,0XC5,0X0A,0XC3,0X09,0X42,0X01,
 694          0X41,0X00,0X01,0X00,0X01,0X00,0X01,0X00,0X01,0X00,0X01,0X00,0X01,0X00,0X01,0X00,
 695          0X01,0X00,0X01,0X00,0X01,0X00,0X01,0X00,0X01,0X00,0X01,0X00,0X01,0X00,0X01,0X00,
 696          0X01,0X00,0X01,0X00,0X01,0X00,0X01,0X00,0X01,0X00,0X01,0X00,0X01,0X00,0X01,0X00,
 697          0X01,0X00,0X01,0X00,0X01,0X00,0X01,0X00,0X01,0X00,0X01,0X00,0X01,0X00,0X01,0X00,
 698          0X01,0X00,0X01,0X00,0X01,0X00,0X01,0X00,0X01,0X00,0X01,0X00,0X01,0X00,0X01,0X00,
 699          0X01,0X00,0X01,0X00,0X81,0X00,0X82,0X01,0X02,0X0A,0X82,0X11,0X82,0X01,0X65,0X02,
 700          0X91,0X3F,0X90,0X67,0X05,0X03,0X85,0X02,0XC9,0X0B,0XF2,0X8F,0X07,0X03,0XC7,0X0B,
 701          0X11,0X4F,0XA5,0X02,0XA4,0X03,0X0B,0X6F,0X8B,0X2E,0X90,0X6F,0X0E,0X47,0X06,0X04,
 702          0X27,0X25,0X42,0X0B,0X62,0X03,0XA3,0X02,0XCF,0X67,0XA5,0X0B,0XA2,0X09,0X01,0X02,
 703          0X82,0X01,0XA2,0X01,0X42,0X01,0XC1,0X00,0X62,0X00,0X21,0X00,0X01,0X00,0X01,0X00,
 704          0X01,0X00,0X01,0X00,0X01,0X00,0X01,0X00,0X01,0X00,0X01,0X00,0X01,0X00,0X01,0X00,
 705          0X01,0X00,0X01,0X00,0X01,0X00,0X01,0X00,0X01,0X00,0X01,0X00,0X01,0X00,0X01,0X00,
 706          0X01,0X00,0X01,0X00,0X01,0X00,0X01,0X00,0X01,0X00,0X01,0X00,0X01,0X00,0X01,0X00,
 707          0X01,0X00,0X01,0X00,0X01,0X00,0X01,0X00,0X01,0X00,0X01,0X00,0X01,0X00,0X01,0X00,
 708          0X01,0X00,0X01,0X00,0X01,0X00,0X01,0X00,0X01,0X00,0X01,0X00,0X01,0X00,0X01,0X00,
 709          0X01,0X00,0X41,0X00,0X81,0X00,0X61,0X00,0X61,0X00,0XC2,0X00,0X83,0X01,0X23,0X02,
 710          0XE7,0X0A,0XEA,0X2B,0XCF,0X3F,0X10,0X3E,0XA3,0X02,0XE2,0X02,0X03,0X02,0X63,0X02,
 711          0XE5,0X02,0X64,0X0B,0XC4,0X0A,0XC4,0X02,0XAF,0X6F,0XF1,0XA7,0X71,0X5F,0X65,0X02,
 712          0X43,0X03,0X23,0X02,0X63,0X01,0X02,0X01,0XC1,0X00,0XA0,0X00,0X81,0X00,0X61,0X00,
 713          0X21,0X00,0X01,0X00,0X01,0X00,0X00,0X00,0X01,0X00,0X01,0X00,0X01,0X00,0X01,0X00,
 714          0X01,0X00,0X01,0X00,0X01,0X00,0X01,0X00,0X01,0X00,0X01,0X00,0X01,0X00,0X01,0X00,
 715          0X01,0X00,0X01,0X00,0X01,0X00,0X01,0X00,0X01,0X00,0X01,0X00,0X01,0X00,0X01,0X00,
 716          0X01,0X00,0X01,0X00,0X01,0X00,0X01,0X00,0X01,0X00,0X01,0X00,0X01,0X00,0X01,0X00,
 717          0X01,0X00,0X01,0X00,0X01,0X00,0X01,0X00,0X01,0X00,0X01,0X00,0X01,0X00,0X01,0X00,
 718          0X01,0X00,0X01,0X00,0X01,0X00,0X01,0X00,0X01,0X00,0X01,0X00,0X01,0X00,0X01,0X00,
 719          0X01,0X00,0X01,0X00,0X01,0X00,0X61,0X00,0XC2,0X00,0XA3,0X01,0XE2,0X00,0XC2,0X00,
 720          0XA2,0X00,0X02,0X09,0X23,0X02,0X04,0X02,0XA2,0X01,0X45,0X02,0X04,0X02,0XA6,0X03,
 721          0X84,0X01,0XE3,0X01,0X25,0X14,0X69,0X0D,0XA3,0X09,0X44,0X09,0XAD,0X2D,0X23,0X02,
 722          0X80,0X00,0X22,0X00,0X01,0X08,0X01,0X00,0X00,0X00,0X01,0X00,0X01,0X00,0X01,0X00,
 723          0X01,0X00,0X01,0X00,0X01,0X00,0X01,0X00,0X01,0X00,0X01,0X00,0X01,0X00,0X01,0X00,
 724          0X01,0X00,0X01,0X00,0X01,0X00,0X01,0X00,0X01,0X00,0X01,0X00,0X01,0X00,0X01,0X00,
 725          0X01,0X00,0X01,0X00,0X01,0X00,0X01,0X00,0X01,0X00,0X01,0X00,0X01,0X00,0X01,0X00,
 726          0X01,0X00,0X01,0X00,0X01,0X00,0X01,0X00,0X01,0X00,0X01,0X00,0X01,0X00,0X01,0X00,
 727          0X01,0X00,0X01,0X00,0X01,0X00,0X01,0X00,0X01,0X00,0X01,0X00,0X01,0X00,0X01,0X00,
 728          0X01,0X00,0X01,0X00,0X01,0X00,0X01,0X00,0X01,0X00,0X01,0X00,0X01,0X00,0X01,0X00,
 729          0X01,0X00,0X01,0X00,0X21,0X00,0X21,0X00,0X21,0X00,0X21,0X00,0X21,0X00,0X61,0X00,
 730          0XA1,0X00,0XC3,0X08,0X6D,0X1C,0XE2,0X00,0X82,0X00,0XA2,0X00,0X81,0X00,0XC1,0X00,
 731          0X42,0X01,0X62,0X01,0XA2,0X00,0X61,0X00,0X61,0X00,0X61,0X00,0X21,0X00,0X01,0X00,
 732          0X01,0X00,0X01,0X00,0X01,0X00,0X01,0X00,0X01,0X00,0X01,0X00,0X01,0X00,0X01,0X00,
 733          0X01,0X00,0X01,0X00,0X01,0X00,0X01,0X00,0X01,0X00,0X01,0X00,0X01,0X00,0X01,0X00,
 734          0X01,0X00,0X01,0X00,0X01,0X00,0X01,0X00,0X01,0X00,0X01,0X00,0X01,0X00,0X01,0X00,
 735          0X01,0X00,0X01,0X00,0X01,0X00,0X01,0X00,0X01,0X00,0X01,0X00,0X01,0X00,0X01,0X00,
 736          0X01,0X00,0X01,0X00,0X01,0X00,0X01,0X00,0X01,0X00,0X01,0X00,0X01,0X00,0X01,0X00,
C51 COMPILER V9.00   IMAGE0                                                                10/22/2014 20:51:26 PAGE 13  

 737          0X01,0X00,0X01,0X00,0X01,0X00,0X01,0X00,0X01,0X00,0X01,0X00,0X01,0X00,0X01,0X00,
 738          0X01,0X00,0X01,0X00,0X01,0X00,0X01,0X00,0X01,0X00,0X01,0X00,0X01,0X00,0X01,0X00,
 739          0X01,0X00,0X01,0X00,0X01,0X00,0X01,0X00,0X01,0X00,0X01,0X00,0X01,0X00,0X42,0X00,
 740          0X42,0X00,0X21,0X00,0X01,0X00,0X01,0X00,0X01,0X00,0X21,0X00,0X41,0X00,0X41,0X00,
 741          0X01,0X00,0X01,0X00,0X01,0X00,0X01,0X00,0X01,0X00,0X01,0X00,0X01,0X00,0X01,0X00,
 742          0X01,0X00,0X01,0X00,0X01,0X00,0X01,0X00,0X01,0X00,0X01,0X00,0X01,0X00,0X01,0X00,
 743          0X01,0X00,0X01,0X00,0X01,0X00,0X01,0X00,0X01,0X00,0X01,0X00,0X01,0X00,0X01,0X00,
 744          0X01,0X00,0X01,0X00,0X01,0X00,0X01,0X00,0X01,0X00,0X01,0X00,0X01,0X00,0X01,0X00,
 745          0X01,0X00,0X01,0X00,0X01,0X00,0X01,0X00,0X01,0X00,0X01,0X00,0X01,0X00,0X01,0X00,
 746          0X01,0X00,0X01,0X00,0X01,0X00,0X01,0X00,0X01,0X00,0X01,0X00,0X01,0X00,0X01,0X00,
 747          0X01,0X00,0X01,0X00,0X01,0X00,0X01,0X00,0X01,0X00,0X01,0X00,0X01,0X00,0X01,0X00,
 748          0X01,0X00,0X01,0X00,0X01,0X00,0X01,0X00,0X01,0X00,0X01,0X00,0X01,0X00,0X01,0X00,
 749          0X01,0X00,0X01,0X00,0X01,0X00,0X01,0X00,0X01,0X00,0X01,0X00,0X01,0X00,0X01,0X00,
 750          0X01,0X00,0X01,0X00,0X01,0X00,0X01,0X00,0X01,0X00,0X01,0X00,0X01,0X00,0X01,0X00,
 751          0X01,0X00,0X01,0X00,0X01,0X00,0X01,0X00,0X01,0X00,0X01,0X00,0X01,0X00,0X01,0X00,
 752          0X01,0X00,0X01,0X00,0X01,0X00,0X01,0X00,0X01,0X00,0X01,0X00,0X01,0X00,0X01,0X00,
 753          0X01,0X00,0X01,0X00,0X01,0X00,0X01,0X00,0X01,0X00,0X01,0X00,0X01,0X00,0X01,0X00,
 754          0X01,0X00,0X01,0X00,0X01,0X00,0X01,0X00,0X01,0X00,0X01,0X00,0X01,0X00,0X01,0X00,
 755          0X01,0X00,0X01,0X00,0X01,0X00,0X01,0X00,0X01,0X00,0X01,0X00,0X01,0X00,0X01,0X00,
 756          0X01,0X00,0X01,0X00,0X01,0X00,0X01,0X00,0X01,0X00,0X01,0X00,0X01,0X00,0X01,0X00,
 757          0X01,0X00,0X01,0X00,0X01,0X00,0X01,0X00,0X01,0X00,0X01,0X00,0X01,0X00,0X01,0X00,
 758          0X01,0X00,0X01,0X00,0X01,0X00,0X01,0X00,0X01,0X00,0X01,0X00,0X01,0X00,0X01,0X00,
 759          0X01,0X00,0X01,0X00,0X01,0X00,0X01,0X00,0X01,0X00,0X01,0X00,0X01,0X00,0X01,0X00,
 760          0X01,0X00,0X01,0X00,0X01,0X00,0X01,0X00,0X01,0X00,0X01,0X00,0X01,0X00,0X01,0X00,
 761          0X01,0X00,0X01,0X00,0X01,0X00,0X01,0X00,0X01,0X00,0X01,0X00,0X01,0X00,0X01,0X00,
 762          0X01,0X00,0X01,0X00,0X01,0X00,0X01,0X00,0X01,0X00,0X01,0X00,0X01,0X00,0X01,0X00,
 763          0X01,0X00,0X01,0X00,0X01,0X00,0X01,0X00,0X01,0X00,0X01,0X00,0X01,0X00,0X01,0X00,
 764          0X01,0X00,0X01,0X00,0X01,0X00,0X01,0X00,0X01,0X00,0X01,0X00,0X01,0X00,0X01,0X00,
 765          0X01,0X00,0X01,0X00,0X01,0X00,0X01,0X00,0X01,0X00,0X01,0X00,0X01,0X00,0X01,0X00,
 766          0X01,0X00,0X01,0X00,0X01,0X00,0X01,0X00,0X01,0X00,0X01,0X00,0X01,0X00,0X01,0X00,
 767          0X01,0X00,0X01,0X00,0X01,0X00,0X01,0X00,0X01,0X00,0X01,0X00,0X01,0X00,0X01,0X00,
 768          0X01,0X00,0X01,0X00,0X01,0X00,0X01,0X00,0X01,0X00,0X01,0X00,0X01,0X00,0X01,0X00,
 769          0X01,0X00,0X01,0X00,0X01,0X00,0X01,0X00,0X01,0X00,0X01,0X00,0X01,0X00,0X01,0X00,
 770          0X01,0X00,0X01,0X00,0X01,0X00,0X01,0X00,0X01,0X00,0X01,0X00,0X01,0X00,0X01,0X00,
 771          0X01,0X00,0X01,0X00,0X01,0X00,0X01,0X00,0X01,0X00,0X01,0X00,0X01,0X00,0X01,0X00,
 772          0X01,0X00,0X01,0X00,0X01,0X00,0X01,0X00,0X01,0X00,0X01,0X00,0X01,0X00,0X01,0X00,
 773          0X01,0X00,0X01,0X00,0X01,0X00,0X01,0X00,0X01,0X00,0X01,0X00,0X01,0X00,0X01,0X00,
 774          0X01,0X00,0X01,0X00,0X01,0X00,0X01,0X00,0X01,0X00,0X01,0X00,0X01,0X00,0X01,0X00,
 775          0X01,0X00,0X01,0X00,0X01,0X00,0X01,0X00,0X01,0X00,0X01,0X00,0X01,0X00,0X01,0X00,
 776          0X01,0X00,0X01,0X00,0X01,0X00,0X01,0X00,0X01,0X00,0X01,0X00,0X01,0X00,0X01,0X00,
 777          0X01,0X00,0X01,0X00,0X01,0X00,0X01,0X00,0X01,0X00,0X01,0X00,0X01,0X00,0X01,0X00,
 778          0X01,0X00,0X01,0X00,0X01,0X00,0X01,0X00,0X01,0X00,0X01,0X00,0X01,0X00,0X01,0X00,
 779          0X01,0X00,0X01,0X00,0X01,0X00,0X01,0X00,0X01,0X00,0X01,0X00,0X01,0X00,0X01,0X00,
 780          0X01,0X00,0X01,0X00,0X01,0X00,0X01,0X00,0X01,0X00,0X01,0X00,0X01,0X00,0X01,0X00,
 781          0X01,0X00,0X01,0X00,0X01,0X00,0X01,0X00,0X01,0X00,0X01,0X00,0X01,0X00,0X01,0X00,
 782          0X01,0X00,0X01,0X00,0X01,0X00,0X01,0X00,0X01,0X00,0X01,0X00,0X01,0X00,0X01,0X00,
 783          0X01,0X00,0X01,0X00,0X01,0X00,0X01,0X00,0X01,0X00,0X01,0X00,0X01,0X00,0X01,0X00,
 784          };


MODULE INFORMATION:   STATIC OVERLAYABLE
   CODE SIZE        =   ----    ----
   CONSTANT SIZE    =  12480    ----
   XDATA SIZE       =   ----    ----
   PDATA SIZE       =   ----    ----
   DATA SIZE        =   ----    ----
   IDATA SIZE       =   ----    ----
   BIT SIZE         =   ----    ----
END OF MODULE INFORMATION.


C51 COMPILATION COMPLETE.  0 WARNING(S),  0 ERROR(S)
