C51 COMPILER V9.00   INTERRUPT                                                             10/22/2014 20:51:26 PAGE 1   


C51 COMPILER V9.00, COMPILATION OF MODULE INTERRUPT
OBJECT MODULE PLACED IN .\OUTPUT\interrupt.obj
COMPILER INVOKED BY: D:\Program Files(x86)\keilC51\C51\BIN\C51.EXE SRC\interrupt.c LARGE BROWSE DEBUG OBJECTEXTEND PRINT
                    -(.\interrupt.lst) OBJECT(.\OUTPUT\interrupt.obj)

line level    source

   1          #include "config0.h"
   2          #include "lkb.h"
   3          
   4          bit LED_flag=0;
   5          bit BEEP_flag=0;
   6          bit KEY_flag=0;
   7          bit ADC_flag=0;
   8          bit MPU6050_flag=0;
   9          bit HMC5883_flag=0;
  10          
  11          /*********************************************
  12          * Timer0中断服务程序
  13          *********************************************/
  14          void tm0_isr() interrupt 1 using 1         //10ms中断一次
  15          {
  16   1              static unsigned int i=0;        //用于LED
  17   1              static unsigned int j=0;        //用于蜂鸣器
  18   1              static unsigned int k=0;        //用于MPU6050
  19   1      //      static unsigned int m=0;        //用于HMC5883L
  20   1              static unsigned int n=0;        //用于ADC
  21   1              
  22   1              i++;
  23   1              if(i>=100)
  24   1              {
  25   2                      i=0;
  26   2                      LED_flag=1;
  27   2              }
  28   1      
  29   1              Key_Scan(1,1);  //支持连按；按键消抖时间，10ms
  30   1              if(Key_Num)
  31   1              {
  32   2                      //if(Key_Num==10) BEEP_flag=1;  //按键10按下，蜂鸣器鸣响
  33   2                      KEY_flag=1;
  34   2              }       
  35   1              if(BEEP_flag)
  36   1              {
  37   2                      j++;
  38   2                      BEEP=~BEEP;     //10ms翻转一次，50Hz
  39   2                      if(j>10)        //响100ms
  40   2                      {
  41   3                              j=0;
  42   3                              BEEP_flag=0;
  43   3                              BEEP=0;            //关闭蜂鸣器
  44   3                      }
  45   2              }
  46   1      
  47   1              k++;
  48   1              if(k%2) //10ms采样一次
  49   1              {
  50   2                      //k=0;
  51   2                      MPU6050_flag=1;
  52   2              }
  53   1              else
  54   1                      HMC5883_flag=1;
C51 COMPILER V9.00   INTERRUPT                                                             10/22/2014 20:51:26 PAGE 2   

  55   1      
  56   1      //      m++;
  57   1      //      if(m>=1)
  58   1      //      {
  59   1      //              m=0;
  60   1      //              HMC5883_flag=1;
  61   1      //      }
  62   1      
  63   1              n++;
  64   1              if(n>=1)        //ad: 10ms采样一次
  65   1              {
  66   2                      n=0;
  67   2                      ADC_flag=1;
  68   2              }
  69   1      
  70   1      }


MODULE INFORMATION:   STATIC OVERLAYABLE
   CODE SIZE        =    184    ----
   CONSTANT SIZE    =   ----    ----
   XDATA SIZE       =      8    ----
   PDATA SIZE       =   ----    ----
   DATA SIZE        =   ----    ----
   IDATA SIZE       =   ----    ----
   BIT SIZE         =      6    ----
END OF MODULE INFORMATION.


C51 COMPILATION COMPLETE.  0 WARNING(S),  0 ERROR(S)
