C51 COMPILER V9.00   MPU6050                                                               10/22/2014 20:51:27 PAGE 1   


C51 COMPILER V9.00, COMPILATION OF MODULE MPU6050
OBJECT MODULE PLACED IN .\OUTPUT\mpu6050.obj
COMPILER INVOKED BY: D:\Program Files(x86)\keilC51\C51\BIN\C51.EXE SRC\mpu6050.c LARGE BROWSE DEBUG OBJECTEXTEND PRINT(.
                    -\mpu6050.lst) OBJECT(.\OUTPUT\mpu6050.obj)

line level    source

   1          #include "math.h"
   2          #include "mpu6050.h"
   3          #include "delay.h"
   4          #include <intrins.h>
   5          
   6          float Gyro_y;        //Y轴陀螺仪数据暂存                                        //由角速度计算的倾斜角度
   7          float Angle_ax;      //由加速度计算的倾斜角度
   8          float Angle;         //小车最终倾斜角度
   9          
  10          //**************************************
  11          //I2C起始信号
  12          //**************************************
  13          void I2C_Start()
  14          {
  15   1          SDA2 = 1;                    //拉高数据线
  16   1          SCL2 = 1;                    //拉高时钟线
  17   1          Delay_us(5);                 //延时
  18   1          SDA2 = 0;                    //产生下降沿
  19   1          Delay_us(5);                 //延时
  20   1          SCL2 = 0;                    //拉低时钟线
  21   1      }
  22          //**************************************
  23          //I2C停止信号
  24          //**************************************
  25          void I2C_Stop()
  26          {
  27   1          SDA2 = 0;                    //拉低数据线
  28   1          SCL2 = 1;                    //拉高时钟线
  29   1          Delay_us(5);                 //延时
  30   1          SDA2 = 1;                    //产生上升沿
  31   1          Delay_us(5);                 //延时
  32   1      }
  33          //**************************************
  34          //I2C发送应答信号
  35          //入口参数:ack (0:ACK 1:NAK)
  36          //**************************************
  37          void I2C_SendACK(unsigned char ack)
  38          {
  39   1          SDA2 = ack;                  //写应答信号
  40   1          SCL2 = 1;                    //拉高时钟线
  41   1          Delay_us(5);                 //延时
  42   1          SCL2 = 0;                    //拉低时钟线
  43   1          Delay_us(5);                 //延时
  44   1      }
  45          //**************************************
  46          //I2C接收应答信号
  47          //**************************************
  48          unsigned char I2C_RecvACK(void)
  49          {
  50   1              SCL2=0;
  51   1              Delay_us(5);
  52   1              SDA2=1;
  53   1              Delay_us(5);
  54   1              SCL2=1;
C51 COMPILER V9.00   MPU6050                                                               10/22/2014 20:51:27 PAGE 2   

  55   1              Delay_us(5);
  56   1              if(SDA2==1)
  57   1              {
  58   2                      SCL2=0;
  59   2                      Delay_us(5);
  60   2                      return 0;
  61   2              }
  62   1              SCL2=0;
  63   1              Delay_us(5);
  64   1              return 1;
  65   1      
  66   1      //    SCL2 = 1;                    //拉高时钟线
  67   1      //    Delay_us(5);                 //延时
  68   1      //    CY = SDA2;                   //读应答信号
  69   1      //    SCL2 = 0;                    //拉低时钟线
  70   1      //    Delay_us(5);                 //延时
  71   1      //    return CY;
  72   1      }
  73          //**************************************
  74          //向I2C总线发送一个字节数据
  75          //**************************************
  76          unsigned char I2C_SendByte(unsigned char dat)
  77          {
  78   1          unsigned char i;
  79   1          for (i=0; i<8; i++)         //8位计数器
  80   1          {
  81   2                      SCL2 = 0;
  82   2                      Delay_us(5);
  83   2                      if(dat & 0x80) SDA2=1;
  84   2                      else SDA2=0;            
  85   2              dat <<= 1;              //移出数据的最高位
  86   2              //SDA2 = CY;               //送数据口
  87   2              SCL2 = 1;                //拉高时钟线
  88   2              Delay_us(5);             //延时
  89   2          }
  90   1              SCL2 = 0;                //拉低时钟线
  91   1          return I2C_RecvACK();
  92   1      }
  93          //**************************************
  94          //从I2C总线接收一个字节数据
  95          //**************************************
  96          unsigned char I2C_RecvByte()
  97          {
  98   1          unsigned char i;
  99   1          unsigned char dat = 0;
 100   1          SDA2 = 1;                    //使能内部上拉,准备读取数据,
 101   1          for (i=0; i<8; i++)         //8位计数器
 102   1          {
 103   2              dat <<= 1;
 104   2              SCL2 = 1;                //拉高时钟线
 105   2              Delay_us(5);             //延时
 106   2              dat |= SDA2;             //读数据               
 107   2              SCL2 = 0;                //拉低时钟线
 108   2              Delay_us(5);             //延时
 109   2          }
 110   1          return dat;
 111   1      }
 112          //**************************************
 113          //向I2C设备写入一个字节数据
 114          //**************************************
 115          void Single_WriteI2C(unsigned char REG_Address,unsigned char REG_data)
 116          {
C51 COMPILER V9.00   MPU6050                                                               10/22/2014 20:51:27 PAGE 3   

 117   1          I2C_Start();                  //起始信号
 118   1          I2C_SendByte(SlaveAddress);   //发送设备地址+写信号
 119   1          I2C_SendByte(REG_Address);    //内部寄存器地址，
 120   1          I2C_SendByte(REG_data);       //内部寄存器数据，
 121   1          I2C_Stop();                   //发送停止信号
 122   1      }
 123          //**************************************
 124          //从I2C设备读取一个字节数据
 125          //**************************************
 126          unsigned char Single_ReadI2C(unsigned char REG_Address)
 127          {
 128   1              unsigned char REG_data;
 129   1              I2C_Start();                   //起始信号
 130   1              I2C_SendByte(SlaveAddress);    //发送设备地址+写信号
 131   1              I2C_SendByte(REG_Address);     //发送存储单元地址，从0开始      
 132   1              I2C_Start();                   //起始信号
 133   1              I2C_SendByte(SlaveAddress+1);  //发送设备地址+读信号
 134   1              REG_data=I2C_RecvByte();       //读出寄存器数据
 135   1              I2C_SendACK(1);                //接收应答信号
 136   1              I2C_Stop();                    //停止信号
 137   1              return REG_data;
 138   1      }
 139          
 140          
 141          //**************************************
 142          //初始化MPU6050
 143          //**************************************
 144          void MPU6050_Init(void)
 145          {
 146   1              Single_WriteI2C(PWR_MGMT_1, 0x00);      //解除休眠状态
 147   1              Single_WriteI2C(SMPLRT_DIV, 0x07);
 148   1              Single_WriteI2C(CONFIG_M, 0x06);
 149   1              Single_WriteI2C(GYRO_CONFIG, 0x18);
 150   1              Single_WriteI2C(ACCEL_CONFIG, 0x01);
 151   1      }
 152          //**************************************
 153          //合成数据
 154          //**************************************
 155          int GetData(unsigned char REG_Address_1)
 156          {
 157   1              unsigned char H,L;
 158   1              H=Single_ReadI2C(REG_Address_1);
 159   1              L=Single_ReadI2C(REG_Address_1+1);      //地址+1  变为低地址eg：ACCEL_XOUT_H    0x3B    ACCEL_XOUT_L    0x3C   “Get
             -Data（ACCEL_XOUT_H）”代表合成的数据
 160   1              return (H<<8)+L;   //合成数据
 161   1      }
 162          
 163          //*********************************************************
 164          // 卡尔曼滤波
 165          //摘抄网上流行的代码
 166          //*********************************************************
 167          void Kalman_Filter(float Accel,float Gyro)              //加速度偏角 角速度
 168          {
 169   1              
 170   1              //******卡尔曼参数************
 171   1      //      float  Q_angle=0.001;  
 172   1      //      float  Q_gyro=0.003;
 173   1      //      float  R_angle=0.5;
 174   1      
 175   1              float  Q_bias, Angle_err;
 176   1              float  PCt_0, PCt_1, E;
 177   1              float  K_0, K_1, t_0, t_1;
C51 COMPILER V9.00   MPU6050                                                               10/22/2014 20:51:27 PAGE 4   

 178   1              float  Pdot[4] ={0.0,0.0,0.0,0.0};
 179   1              float  PP[2][2] = { { 1.0, 0.0 },{ 0.0, 1.0 } };        
 180   1              
 181   1              Angle+=(Gyro - Q_bias)*dt; //先验估计
 182   1      
 183   1              
 184   1      //      Pdot[0]=Q_angle - PP[0][1] - PP[1][0]; // Pk-先验估计误差协方差微分
 185   1              Pdot[0]=0.001 - PP[0][1] - PP[1][0]; // Pk-先验估计误差协方差微分
 186   1      
 187   1              Pdot[1]=- PP[1][1];
 188   1              Pdot[2]=- PP[1][1];
 189   1      //      Pdot[3]=Q_gyro;
 190   1              Pdot[3]=0.003;
 191   1              
 192   1              PP[0][0] += Pdot[0] * dt;   // Pk-先验估计误差协方差微分的积分
 193   1              PP[0][1] += Pdot[1] * dt;   // =先验估计误差协方差
 194   1              PP[1][0] += Pdot[2] * dt;
 195   1              PP[1][1] += Pdot[3] * dt;
 196   1                      
 197   1              Angle_err = Accel - Angle;      //zk-先验估计
 198   1              
 199   1              PCt_0 = C_0 * PP[0][0];
 200   1              PCt_1 = C_0 * PP[1][0];
 201   1              
 202   1      //      E = R_angle + C_0 * PCt_0;
 203   1              E = 0.5 + C_0 * PCt_0;
 204   1              
 205   1              K_0 = PCt_0 / E;
 206   1              K_1 = PCt_1 / E;
 207   1              
 208   1              t_0 = PCt_0;
 209   1              t_1 = C_0 * PP[0][1];
 210   1      
 211   1      //      PP[0][0] -= K_0 * t_0;           //后验估计误差协方差
 212   1      //      PP[0][1] -= K_0 * t_1;
 213   1      //      PP[1][0] -= K_1 * t_0;
 214   1      //      PP[1][1] -= K_1 * t_1;
 215   1                      
 216   1              Angle   += K_0 * Angle_err;      //后验估计
 217   1              Q_bias  += K_1 * Angle_err;      //后验估计
 218   1              Gyro_y   = Gyro - Q_bias;        //输出值（后验估计）的微分=角速度
 219   1      
 220   1      }
 221          
 222          
 223          //*********************************************************
 224          // 倾角计算（卡尔曼滤波）
 225          //*********************************************************
 226          
 227          void Angle_Calcu(void)   
 228          {
 229   1              float Accel_x;                                          //X轴加速度值暂存
 230   1              float Accel_y;                                          //Y轴加速度值暂存
 231   1              float Accel_z;                                          //由加速度计计算的倾斜角度
 232   1              //------加速度-------------------------
 233   1              //范围为2g时，换算关系：16384 LSB/G
 234   1              //角度较小时，x=sinx得到角度（弧度），deg=rad*180/3.14
 235   1              //因为x>=sinx,故乘以1.3适当放大
 236   1              //注意小车前进方向在XY平面
 237   1              Accel_x  = (float)GetData(ACCEL_XOUT_H)/286.0f;   //读取X轴加速度
 238   1              Accel_y  = (float)GetData(ACCEL_ZOUT_H)/286.0f;   //读取Z轴加速度
 239   1              Accel_z  = sqrt(Accel_x*Accel_x+Accel_y*Accel_y);       //开方
C51 COMPILER V9.00   MPU6050                                                               10/22/2014 20:51:27 PAGE 5   

 240   1              //Angle_ax = (Accel_x) /16384;   //去除零点偏移，计算得到角度（弧度）
 241   1              //Angle_ax = Angle_ax*1.2*180/3.14;     //弧度转换为度
 242   1              Angle_ax = 57.3*asin(Accel_x/Accel_z);  //计算加速度偏离x方向的角度，asinf(弧度)，两个16384约去了
 243   1              /*              
 244   1              Accel_x  = GetData(ACCEL_XOUT_H);         //读取X轴加速度
 245   1              Angle_ax = (Accel_x - 1100) /16384;   //去除零点偏移，计算得到角度（弧度）
 246   1              Angle_ax = Angle_ax*1.2*180/3.14;     //弧度转换为度
 247   1              UART1PutChar((char)Angle_ax);
 248   1              */
 249   1      
 250   1        //------角速度--------------------
 251   1              //范围为2000deg/s时，换算关系：16.4 LSB/(deg/s)
 252   1              //注意小车前进方向为X方向
 253   1              Gyro_y = (float)GetData(GYRO_YOUT_H);    //静止时Y轴输出为-30左右
 254   1              Gyro_y = -(Gyro_y)/16.4f;         //去除零点便偏移，计算角速度，负号为方向处理
 255   1              //Angle_gy = Angle_gy + Gyro_y*0.01;  //角速度积分的倾斜角度
 256   1              
 257   1              //-------卡尔曼滤波融合-------------------
 258   1      
 259   1              Kalman_Filter(Angle_ax,Gyro_y);  //卡尔曼滤波计算倾角，Angle,Angle_ax,Gyro_y均为全局变量
 260   1      
 261   1              //互补滤波
 262   1              //补偿原理是取当前倾角和加速度获得倾角差值进行放大，然后
 263   1              //与陀螺仪角速度叠加后再积分，从而使倾角最跟踪为加速度获得的角度
 264   1              //0.5为放大倍数，可调节补偿度；0.01为系统周期10ms
 265   1              //Angle = Angle + (((Angle_ax-Angle)*0.5 + Gyro_y)*0.01);*/
 266   1                                                                                                                                
 267   1      }  
 268          


MODULE INFORMATION:   STATIC OVERLAYABLE
   CODE SIZE        =   1535    ----
   CONSTANT SIZE    =     32    ----
   XDATA SIZE       =     12      90
   PDATA SIZE       =   ----    ----
   DATA SIZE        =   ----    ----
   IDATA SIZE       =   ----    ----
   BIT SIZE         =   ----    ----
END OF MODULE INFORMATION.


C51 COMPILATION COMPLETE.  0 WARNING(S),  0 ERROR(S)
