C51 COMPILER V9.00   UART                                                                  10/22/2014 20:51:27 PAGE 1   


C51 COMPILER V9.00, COMPILATION OF MODULE UART
OBJECT MODULE PLACED IN .\OUTPUT\uart.obj
COMPILER INVOKED BY: D:\Program Files(x86)\keilC51\C51\BIN\C51.EXE SRC\uart.c LARGE BROWSE DEBUG OBJECTEXTEND PRINT(.\ua
                    -rt.lst) OBJECT(.\OUTPUT\uart.obj)

line level    source

   1          #include "uart.h"
   2          
   3          void UART_Init(unsigned long Baud)
   4          {
   5   1          ACC = P_SW1;
   6   1          ACC &= ~(S1_S0 | S1_S1);    //S1_S0=0 S1_S1=0
   7   1          P_SW1 = ACC;                //(P3.0/RxD, P3.1/TxD)
   8   1      //          
   9   1      //        ACC = P_SW1;
  10   1      //        ACC &= ~(S1_S0 | S1_S1);    //S1_S0=1 S1_S1=0
  11   1      //        ACC |= S1_S0;               //(P3.6/RxD_2, P3.7/TxD_2)
  12   1      //        P_SW1 = ACC;  
  13   1      //  
  14   1      //  ACC = P_SW1;
  15   1      //  ACC &= ~(S1_S0 | S1_S1);    //S1_S0=0 S1_S1=1
  16   1      //  ACC |= S1_S1;               //(P1.6/RxD_3, P1.7/TxD_3)
  17   1      //  P_SW1 = ACC;  
  18   1      
  19   1      #if (PARITYBIT == NONE_PARITY)
  20   1          SCON = 0x50;                //8位可变波特率
  21   1      #elif (PARITYBIT == ODD_PARITY) || (PARITYBIT == EVEN_PARITY) || (PARITYBIT == MARK_PARITY)
                  SCON = 0xda;                //9位可变波特率,校验位初始为1
              #elif (PARITYBIT == SPACE_PARITY)
                  SCON = 0xd2;                //9位可变波特率,校验位初始为0
              #endif
  26   1      
  27   1          T2L = (65536 - (FOSC/4/Baud));   //设置波特率重装值
  28   1          T2H = (65536 - (FOSC/4/Baud))>>8;
  29   1          AUXR |= 0x14;                //T2为1T模式, 并启动定时器2
  30   1          AUXR |= 0x01;               //选择定时器2为串口1的波特率发生器
  31   1          //ES = 1;                     //使能串口1中断
  32   1          //EA = 1;
  33   1      }


MODULE INFORMATION:   STATIC OVERLAYABLE
   CODE SIZE        =     98    ----
   CONSTANT SIZE    =   ----    ----
   XDATA SIZE       =   ----       4
   PDATA SIZE       =   ----    ----
   DATA SIZE        =   ----    ----
   IDATA SIZE       =   ----    ----
   BIT SIZE         =   ----    ----
END OF MODULE INFORMATION.


C51 COMPILATION COMPLETE.  0 WARNING(S),  0 ERROR(S)
